{"/Users/shivammishra/Desktop/Finance_Project/controllers/adminController.js": {"path":"/Users/shivammishra/Desktop/Finance_Project/controllers/adminController.js","statementMap":{"0":{"start":{"line":1,"column":12},"end":{"line":1,"column":36}},"1":{"start":{"line":2,"column":21},"end":{"line":2,"column":54}},"2":{"start":{"line":11,"column":18},"end":{"line":34,"column":1}},"3":{"start":{"line":12,"column":2},"end":{"line":33,"column":3}},"4":{"start":{"line":13,"column":51},"end":{"line":13,"column":59}},"5":{"start":{"line":16,"column":4},"end":{"line":18,"column":5}},"6":{"start":{"line":17,"column":6},"end":{"line":17,"column":91}},"7":{"start":{"line":21,"column":16},"end":{"line":27,"column":6}},"8":{"start":{"line":29,"column":4},"end":{"line":29,"column":30}},"9":{"start":{"line":31,"column":4},"end":{"line":31,"column":54}},"10":{"start":{"line":32,"column":4},"end":{"line":32,"column":73}},"11":{"start":{"line":41,"column":16},"end":{"line":52,"column":1}},"12":{"start":{"line":42,"column":2},"end":{"line":51,"column":3}},"13":{"start":{"line":43,"column":17},"end":{"line":45,"column":30}},"14":{"start":{"line":47,"column":4},"end":{"line":47,"column":19}},"15":{"start":{"line":49,"column":4},"end":{"line":49,"column":52}},"16":{"start":{"line":50,"column":4},"end":{"line":50,"column":74}},"17":{"start":{"line":59,"column":18},"end":{"line":83,"column":1}},"18":{"start":{"line":60,"column":2},"end":{"line":82,"column":3}},"19":{"start":{"line":61,"column":51},"end":{"line":61,"column":59}},"20":{"start":{"line":64,"column":16},"end":{"line":64,"column":49}},"21":{"start":{"line":66,"column":4},"end":{"line":68,"column":5}},"22":{"start":{"line":67,"column":6},"end":{"line":67,"column":64}},"23":{"start":{"line":71,"column":4},"end":{"line":71,"column":35}},"24":{"start":{"line":72,"column":4},"end":{"line":72,"column":32}},"25":{"start":{"line":73,"column":4},"end":{"line":73,"column":44}},"26":{"start":{"line":74,"column":4},"end":{"line":74,"column":80}},"27":{"start":{"line":76,"column":23},"end":{"line":76,"column":39}},"28":{"start":{"line":78,"column":4},"end":{"line":78,"column":25}},"29":{"start":{"line":80,"column":4},"end":{"line":80,"column":54}},"30":{"start":{"line":81,"column":4},"end":{"line":81,"column":73}},"31":{"start":{"line":90,"column":18},"end":{"line":106,"column":1}},"32":{"start":{"line":91,"column":2},"end":{"line":105,"column":3}},"33":{"start":{"line":93,"column":16},"end":{"line":93,"column":49}},"34":{"start":{"line":95,"column":4},"end":{"line":97,"column":5}},"35":{"start":{"line":96,"column":6},"end":{"line":96,"column":64}},"36":{"start":{"line":99,"column":4},"end":{"line":99,"column":47}},"37":{"start":{"line":101,"column":4},"end":{"line":101,"column":54}},"38":{"start":{"line":103,"column":4},"end":{"line":103,"column":54}},"39":{"start":{"line":104,"column":4},"end":{"line":104,"column":73}},"40":{"start":{"line":115,"column":19},"end":{"line":152,"column":1}},"41":{"start":{"line":116,"column":2},"end":{"line":151,"column":3}},"42":{"start":{"line":117,"column":68},"end":{"line":117,"column":76}},"43":{"start":{"line":120,"column":4},"end":{"line":124,"column":5}},"44":{"start":{"line":121,"column":6},"end":{"line":123,"column":9}},"45":{"start":{"line":127,"column":4},"end":{"line":131,"column":5}},"46":{"start":{"line":128,"column":6},"end":{"line":130,"column":9}},"47":{"start":{"line":134,"column":4},"end":{"line":138,"column":5}},"48":{"start":{"line":135,"column":6},"end":{"line":137,"column":9}},"49":{"start":{"line":140,"column":25},"end":{"line":145,"column":6}},"50":{"start":{"line":147,"column":4},"end":{"line":147,"column":39}},"51":{"start":{"line":149,"column":4},"end":{"line":149,"column":64}},"52":{"start":{"line":150,"column":4},"end":{"line":150,"column":83}},"53":{"start":{"line":159,"column":24},"end":{"line":176,"column":1}},"54":{"start":{"line":160,"column":2},"end":{"line":175,"column":3}},"55":{"start":{"line":161,"column":25},"end":{"line":161,"column":34}},"56":{"start":{"line":164,"column":19},"end":{"line":164,"column":21}},"57":{"start":{"line":165,"column":4},"end":{"line":167,"column":5}},"58":{"start":{"line":166,"column":6},"end":{"line":166,"column":33}},"59":{"start":{"line":169,"column":26},"end":{"line":169,"column":81}},"60":{"start":{"line":171,"column":4},"end":{"line":171,"column":28}},"61":{"start":{"line":173,"column":4},"end":{"line":173,"column":62}},"62":{"start":{"line":174,"column":4},"end":{"line":174,"column":84}},"63":{"start":{"line":183,"column":19},"end":{"line":228,"column":1}},"64":{"start":{"line":184,"column":2},"end":{"line":227,"column":3}},"65":{"start":{"line":185,"column":68},"end":{"line":185,"column":76}},"66":{"start":{"line":188,"column":25},"end":{"line":188,"column":67}},"67":{"start":{"line":190,"column":4},"end":{"line":192,"column":5}},"68":{"start":{"line":191,"column":6},"end":{"line":191,"column":74}},"69":{"start":{"line":195,"column":4},"end":{"line":201,"column":5}},"70":{"start":{"line":196,"column":6},"end":{"line":200,"column":7}},"71":{"start":{"line":197,"column":8},"end":{"line":199,"column":11}},"72":{"start":{"line":204,"column":25},"end":{"line":204,"column":56}},"73":{"start":{"line":207,"column":4},"end":{"line":213,"column":5}},"74":{"start":{"line":208,"column":6},"end":{"line":212,"column":7}},"75":{"start":{"line":209,"column":8},"end":{"line":211,"column":11}},"76":{"start":{"line":216,"column":4},"end":{"line":216,"column":74}},"77":{"start":{"line":217,"column":4},"end":{"line":217,"column":59}},"78":{"start":{"line":218,"column":4},"end":{"line":218,"column":126}},"79":{"start":{"line":219,"column":4},"end":{"line":219,"column":62}},"80":{"start":{"line":221,"column":32},"end":{"line":221,"column":57}},"81":{"start":{"line":223,"column":4},"end":{"line":223,"column":34}},"82":{"start":{"line":225,"column":4},"end":{"line":225,"column":64}},"83":{"start":{"line":226,"column":4},"end":{"line":226,"column":83}},"84":{"start":{"line":235,"column":19},"end":{"line":251,"column":1}},"85":{"start":{"line":236,"column":2},"end":{"line":250,"column":3}},"86":{"start":{"line":238,"column":25},"end":{"line":238,"column":67}},"87":{"start":{"line":240,"column":4},"end":{"line":242,"column":5}},"88":{"start":{"line":241,"column":6},"end":{"line":241,"column":74}},"89":{"start":{"line":244,"column":4},"end":{"line":244,"column":56}},"90":{"start":{"line":246,"column":4},"end":{"line":246,"column":64}},"91":{"start":{"line":248,"column":4},"end":{"line":248,"column":64}},"92":{"start":{"line":249,"column":4},"end":{"line":249,"column":83}},"93":{"start":{"line":253,"column":0},"end":{"line":262,"column":2}}},"fnMap":{"0":{"name":"(anonymous_0)","decl":{"start":{"line":11,"column":18},"end":{"line":11,"column":19}},"loc":{"start":{"line":11,"column":38},"end":{"line":34,"column":1}},"line":11},"1":{"name":"(anonymous_1)","decl":{"start":{"line":41,"column":16},"end":{"line":41,"column":17}},"loc":{"start":{"line":41,"column":36},"end":{"line":52,"column":1}},"line":41},"2":{"name":"(anonymous_2)","decl":{"start":{"line":59,"column":18},"end":{"line":59,"column":19}},"loc":{"start":{"line":59,"column":38},"end":{"line":83,"column":1}},"line":59},"3":{"name":"(anonymous_3)","decl":{"start":{"line":90,"column":18},"end":{"line":90,"column":19}},"loc":{"start":{"line":90,"column":38},"end":{"line":106,"column":1}},"line":90},"4":{"name":"(anonymous_4)","decl":{"start":{"line":115,"column":19},"end":{"line":115,"column":20}},"loc":{"start":{"line":115,"column":39},"end":{"line":152,"column":1}},"line":115},"5":{"name":"(anonymous_5)","decl":{"start":{"line":159,"column":24},"end":{"line":159,"column":25}},"loc":{"start":{"line":159,"column":44},"end":{"line":176,"column":1}},"line":159},"6":{"name":"(anonymous_6)","decl":{"start":{"line":183,"column":19},"end":{"line":183,"column":20}},"loc":{"start":{"line":183,"column":39},"end":{"line":228,"column":1}},"line":183},"7":{"name":"(anonymous_7)","decl":{"start":{"line":235,"column":19},"end":{"line":235,"column":20}},"loc":{"start":{"line":235,"column":39},"end":{"line":251,"column":1}},"line":235}},"branchMap":{"0":{"loc":{"start":{"line":16,"column":4},"end":{"line":18,"column":5}},"type":"if","locations":[{"start":{"line":16,"column":4},"end":{"line":18,"column":5}},{"start":{},"end":{}}],"line":16},"1":{"loc":{"start":{"line":16,"column":8},"end":{"line":16,"column":36}},"type":"binary-expr","locations":[{"start":{"line":16,"column":8},"end":{"line":16,"column":14}},{"start":{"line":16,"column":18},"end":{"line":16,"column":23}},{"start":{"line":16,"column":27},"end":{"line":16,"column":36}}],"line":16},"2":{"loc":{"start":{"line":26,"column":19},"end":{"line":26,"column":65}},"type":"cond-expr","locations":[{"start":{"line":26,"column":47},"end":{"line":26,"column":58}},{"start":{"line":26,"column":61},"end":{"line":26,"column":65}}],"line":26},"3":{"loc":{"start":{"line":66,"column":4},"end":{"line":68,"column":5}},"type":"if","locations":[{"start":{"line":66,"column":4},"end":{"line":68,"column":5}},{"start":{},"end":{}}],"line":66},"4":{"loc":{"start":{"line":71,"column":16},"end":{"line":71,"column":34}},"type":"binary-expr","locations":[{"start":{"line":71,"column":16},"end":{"line":71,"column":21}},{"start":{"line":71,"column":25},"end":{"line":71,"column":34}}],"line":71},"5":{"loc":{"start":{"line":72,"column":15},"end":{"line":72,"column":31}},"type":"binary-expr","locations":[{"start":{"line":72,"column":15},"end":{"line":72,"column":19}},{"start":{"line":72,"column":23},"end":{"line":72,"column":31}}],"line":72},"6":{"loc":{"start":{"line":73,"column":19},"end":{"line":73,"column":43}},"type":"binary-expr","locations":[{"start":{"line":73,"column":19},"end":{"line":73,"column":27}},{"start":{"line":73,"column":31},"end":{"line":73,"column":43}}],"line":73},"7":{"loc":{"start":{"line":74,"column":22},"end":{"line":74,"column":79}},"type":"cond-expr","locations":[{"start":{"line":74,"column":50},"end":{"line":74,"column":61}},{"start":{"line":74,"column":64},"end":{"line":74,"column":79}}],"line":74},"8":{"loc":{"start":{"line":95,"column":4},"end":{"line":97,"column":5}},"type":"if","locations":[{"start":{"line":95,"column":4},"end":{"line":97,"column":5}},{"start":{},"end":{}}],"line":95},"9":{"loc":{"start":{"line":120,"column":4},"end":{"line":124,"column":5}},"type":"if","locations":[{"start":{"line":120,"column":4},"end":{"line":124,"column":5}},{"start":{},"end":{}}],"line":120},"10":{"loc":{"start":{"line":120,"column":8},"end":{"line":120,"column":82}},"type":"binary-expr","locations":[{"start":{"line":120,"column":8},"end":{"line":120,"column":21}},{"start":{"line":120,"column":25},"end":{"line":120,"column":33}},{"start":{"line":120,"column":37},"end":{"line":120,"column":69}},{"start":{"line":120,"column":73},"end":{"line":120,"column":82}}],"line":120},"11":{"loc":{"start":{"line":127,"column":4},"end":{"line":131,"column":5}},"type":"if","locations":[{"start":{"line":127,"column":4},"end":{"line":131,"column":5}},{"start":{},"end":{}}],"line":127},"12":{"loc":{"start":{"line":127,"column":8},"end":{"line":127,"column":53}},"type":"binary-expr","locations":[{"start":{"line":127,"column":8},"end":{"line":127,"column":31}},{"start":{"line":127,"column":35},"end":{"line":127,"column":53}}],"line":127},"13":{"loc":{"start":{"line":134,"column":4},"end":{"line":138,"column":5}},"type":"if","locations":[{"start":{"line":134,"column":4},"end":{"line":138,"column":5}},{"start":{},"end":{}}],"line":134},"14":{"loc":{"start":{"line":134,"column":8},"end":{"line":134,"column":70}},"type":"binary-expr","locations":[{"start":{"line":134,"column":8},"end":{"line":134,"column":30}},{"start":{"line":134,"column":34},"end":{"line":134,"column":70}}],"line":134},"15":{"loc":{"start":{"line":165,"column":4},"end":{"line":167,"column":5}},"type":"if","locations":[{"start":{"line":165,"column":4},"end":{"line":167,"column":5}},{"start":{},"end":{}}],"line":165},"16":{"loc":{"start":{"line":190,"column":4},"end":{"line":192,"column":5}},"type":"if","locations":[{"start":{"line":190,"column":4},"end":{"line":192,"column":5}},{"start":{},"end":{}}],"line":190},"17":{"loc":{"start":{"line":195,"column":4},"end":{"line":201,"column":5}},"type":"if","locations":[{"start":{"line":195,"column":4},"end":{"line":201,"column":5}},{"start":{},"end":{}}],"line":195},"18":{"loc":{"start":{"line":196,"column":6},"end":{"line":200,"column":7}},"type":"if","locations":[{"start":{"line":196,"column":6},"end":{"line":200,"column":7}},{"start":{},"end":{}}],"line":196},"19":{"loc":{"start":{"line":196,"column":10},"end":{"line":196,"column":55}},"type":"binary-expr","locations":[{"start":{"line":196,"column":10},"end":{"line":196,"column":33}},{"start":{"line":196,"column":37},"end":{"line":196,"column":55}}],"line":196},"20":{"loc":{"start":{"line":204,"column":25},"end":{"line":204,"column":56}},"type":"binary-expr","locations":[{"start":{"line":204,"column":25},"end":{"line":204,"column":32}},{"start":{"line":204,"column":36},"end":{"line":204,"column":56}}],"line":204},"21":{"loc":{"start":{"line":207,"column":4},"end":{"line":213,"column":5}},"type":"if","locations":[{"start":{"line":207,"column":4},"end":{"line":213,"column":5}},{"start":{},"end":{}}],"line":207},"22":{"loc":{"start":{"line":208,"column":6},"end":{"line":212,"column":7}},"type":"if","locations":[{"start":{"line":208,"column":6},"end":{"line":212,"column":7}},{"start":{},"end":{}}],"line":208},"23":{"loc":{"start":{"line":208,"column":10},"end":{"line":208,"column":77}},"type":"binary-expr","locations":[{"start":{"line":208,"column":10},"end":{"line":208,"column":32}},{"start":{"line":208,"column":36},"end":{"line":208,"column":77}}],"line":208},"24":{"loc":{"start":{"line":216,"column":32},"end":{"line":216,"column":73}},"type":"binary-expr","locations":[{"start":{"line":216,"column":32},"end":{"line":216,"column":44}},{"start":{"line":216,"column":48},"end":{"line":216,"column":73}}],"line":216},"25":{"loc":{"start":{"line":217,"column":27},"end":{"line":217,"column":58}},"type":"binary-expr","locations":[{"start":{"line":217,"column":27},"end":{"line":217,"column":34}},{"start":{"line":217,"column":38},"end":{"line":217,"column":58}}],"line":217},"26":{"loc":{"start":{"line":218,"column":38},"end":{"line":218,"column":125}},"type":"cond-expr","locations":[{"start":{"line":218,"column":73},"end":{"line":218,"column":91}},{"start":{"line":218,"column":94},"end":{"line":218,"column":125}}],"line":218},"27":{"loc":{"start":{"line":219,"column":28},"end":{"line":219,"column":61}},"type":"binary-expr","locations":[{"start":{"line":219,"column":28},"end":{"line":219,"column":36}},{"start":{"line":219,"column":40},"end":{"line":219,"column":61}}],"line":219},"28":{"loc":{"start":{"line":240,"column":4},"end":{"line":242,"column":5}},"type":"if","locations":[{"start":{"line":240,"column":4},"end":{"line":242,"column":5}},{"start":{},"end":{}}],"line":240}},"s":{"0":1,"1":1,"2":1,"3":4,"4":4,"5":4,"6":1,"7":3,"8":3,"9":0,"10":0,"11":1,"12":3,"13":3,"14":3,"15":0,"16":0,"17":1,"18":2,"19":2,"20":2,"21":2,"22":1,"23":1,"24":1,"25":1,"26":1,"27":1,"28":1,"29":0,"30":0,"31":1,"32":2,"33":2,"34":2,"35":1,"36":1,"37":1,"38":0,"39":0,"40":1,"41":5,"42":5,"43":5,"44":1,"45":4,"46":1,"47":3,"48":1,"49":2,"50":2,"51":0,"52":0,"53":1,"54":3,"55":3,"56":3,"57":3,"58":0,"59":3,"60":3,"61":0,"62":0,"63":1,"64":2,"65":2,"66":2,"67":2,"68":1,"69":1,"70":0,"71":0,"72":1,"73":1,"74":1,"75":0,"76":1,"77":1,"78":1,"79":1,"80":1,"81":1,"82":0,"83":0,"84":1,"85":2,"86":2,"87":2,"88":1,"89":1,"90":1,"91":0,"92":0,"93":1},"f":{"0":4,"1":3,"2":2,"3":2,"4":5,"5":3,"6":2,"7":2},"b":{"0":[1,3],"1":[4,4,3],"2":[1,2],"3":[1,1],"4":[1,0],"5":[1,0],"6":[1,1],"7":[1,0],"8":[1,1],"9":[1,4],"10":[5,5,4,4],"11":[1,3],"12":[4,4],"13":[1,2],"14":[3,3],"15":[0,3],"16":[1,1],"17":[0,1],"18":[0,0],"19":[0,0],"20":[1,1],"21":[1,0],"22":[0,1],"23":[1,1],"24":[1,0],"25":[1,1],"26":[1,0],"27":[1,1],"28":[1,1]},"_coverageSchema":"1a1c01bbd47fc00a2c39e90264f33305004495a9","hash":"298258bb0b6d0b083627df871f2ac6385fe586c1"}
,"/Users/shivammishra/Desktop/Finance_Project/controllers/assetController.js": {"path":"/Users/shivammishra/Desktop/Finance_Project/controllers/assetController.js","statementMap":{"0":{"start":{"line":1,"column":14},"end":{"line":1,"column":40}},"1":{"start":{"line":8,"column":20},"end":{"line":34,"column":1}},"2":{"start":{"line":9,"column":2},"end":{"line":33,"column":3}},"3":{"start":{"line":10,"column":45},"end":{"line":10,"column":53}},"4":{"start":{"line":13,"column":4},"end":{"line":15,"column":5}},"5":{"start":{"line":14,"column":6},"end":{"line":14,"column":85}},"6":{"start":{"line":18,"column":18},"end":{"line":27,"column":6}},"7":{"start":{"line":29,"column":4},"end":{"line":29,"column":32}},"8":{"start":{"line":31,"column":4},"end":{"line":31,"column":56}},"9":{"start":{"line":32,"column":4},"end":{"line":32,"column":75}},"10":{"start":{"line":41,"column":18},"end":{"line":53,"column":1}},"11":{"start":{"line":42,"column":2},"end":{"line":52,"column":3}},"12":{"start":{"line":44,"column":19},"end":{"line":46,"column":32}},"13":{"start":{"line":48,"column":4},"end":{"line":48,"column":21}},"14":{"start":{"line":50,"column":4},"end":{"line":50,"column":54}},"15":{"start":{"line":51,"column":4},"end":{"line":51,"column":76}},"16":{"start":{"line":60,"column":20},"end":{"line":96,"column":1}},"17":{"start":{"line":61,"column":2},"end":{"line":95,"column":3}},"18":{"start":{"line":62,"column":45},"end":{"line":62,"column":53}},"19":{"start":{"line":65,"column":18},"end":{"line":65,"column":53}},"20":{"start":{"line":67,"column":4},"end":{"line":69,"column":5}},"21":{"start":{"line":68,"column":6},"end":{"line":68,"column":66}},"22":{"start":{"line":72,"column":4},"end":{"line":74,"column":5}},"23":{"start":{"line":73,"column":6},"end":{"line":73,"column":86}},"24":{"start":{"line":77,"column":4},"end":{"line":77,"column":48}},"25":{"start":{"line":78,"column":4},"end":{"line":78,"column":36}},"26":{"start":{"line":81,"column":4},"end":{"line":87,"column":5}},"27":{"start":{"line":82,"column":6},"end":{"line":85,"column":9}},"28":{"start":{"line":86,"column":6},"end":{"line":86,"column":40}},"29":{"start":{"line":89,"column":25},"end":{"line":89,"column":43}},"30":{"start":{"line":91,"column":4},"end":{"line":91,"column":27}},"31":{"start":{"line":93,"column":4},"end":{"line":93,"column":56}},"32":{"start":{"line":94,"column":4},"end":{"line":94,"column":75}},"33":{"start":{"line":103,"column":20},"end":{"line":124,"column":1}},"34":{"start":{"line":104,"column":2},"end":{"line":123,"column":3}},"35":{"start":{"line":106,"column":18},"end":{"line":106,"column":53}},"36":{"start":{"line":108,"column":4},"end":{"line":110,"column":5}},"37":{"start":{"line":109,"column":6},"end":{"line":109,"column":66}},"38":{"start":{"line":113,"column":4},"end":{"line":115,"column":5}},"39":{"start":{"line":114,"column":6},"end":{"line":114,"column":86}},"40":{"start":{"line":117,"column":4},"end":{"line":117,"column":49}},"41":{"start":{"line":119,"column":4},"end":{"line":119,"column":56}},"42":{"start":{"line":121,"column":4},"end":{"line":121,"column":56}},"43":{"start":{"line":122,"column":4},"end":{"line":122,"column":75}},"44":{"start":{"line":126,"column":0},"end":{"line":131,"column":2}}},"fnMap":{"0":{"name":"(anonymous_0)","decl":{"start":{"line":8,"column":20},"end":{"line":8,"column":21}},"loc":{"start":{"line":8,"column":40},"end":{"line":34,"column":1}},"line":8},"1":{"name":"(anonymous_1)","decl":{"start":{"line":41,"column":18},"end":{"line":41,"column":19}},"loc":{"start":{"line":41,"column":38},"end":{"line":53,"column":1}},"line":41},"2":{"name":"(anonymous_2)","decl":{"start":{"line":60,"column":20},"end":{"line":60,"column":21}},"loc":{"start":{"line":60,"column":40},"end":{"line":96,"column":1}},"line":60},"3":{"name":"(anonymous_3)","decl":{"start":{"line":103,"column":20},"end":{"line":103,"column":21}},"loc":{"start":{"line":103,"column":40},"end":{"line":124,"column":1}},"line":103}},"branchMap":{"0":{"loc":{"start":{"line":13,"column":4},"end":{"line":15,"column":5}},"type":"if","locations":[{"start":{"line":13,"column":4},"end":{"line":15,"column":5}},{"start":{},"end":{}}],"line":13},"1":{"loc":{"start":{"line":13,"column":8},"end":{"line":13,"column":56}},"type":"binary-expr","locations":[{"start":{"line":13,"column":8},"end":{"line":13,"column":17}},{"start":{"line":13,"column":21},"end":{"line":13,"column":26}},{"start":{"line":13,"column":30},"end":{"line":13,"column":56}}],"line":13},"2":{"loc":{"start":{"line":67,"column":4},"end":{"line":69,"column":5}},"type":"if","locations":[{"start":{"line":67,"column":4},"end":{"line":69,"column":5}},{"start":{},"end":{}}],"line":67},"3":{"loc":{"start":{"line":72,"column":4},"end":{"line":74,"column":5}},"type":"if","locations":[{"start":{"line":72,"column":4},"end":{"line":74,"column":5}},{"start":{},"end":{}}],"line":72},"4":{"loc":{"start":{"line":77,"column":21},"end":{"line":77,"column":47}},"type":"binary-expr","locations":[{"start":{"line":77,"column":21},"end":{"line":77,"column":29}},{"start":{"line":77,"column":33},"end":{"line":77,"column":47}}],"line":77},"5":{"loc":{"start":{"line":78,"column":17},"end":{"line":78,"column":35}},"type":"binary-expr","locations":[{"start":{"line":78,"column":17},"end":{"line":78,"column":21}},{"start":{"line":78,"column":25},"end":{"line":78,"column":35}}],"line":78},"6":{"loc":{"start":{"line":81,"column":4},"end":{"line":87,"column":5}},"type":"if","locations":[{"start":{"line":81,"column":4},"end":{"line":87,"column":5}},{"start":{},"end":{}}],"line":81},"7":{"loc":{"start":{"line":81,"column":8},"end":{"line":81,"column":73}},"type":"binary-expr","locations":[{"start":{"line":81,"column":8},"end":{"line":81,"column":34}},{"start":{"line":81,"column":38},"end":{"line":81,"column":73}}],"line":81},"8":{"loc":{"start":{"line":108,"column":4},"end":{"line":110,"column":5}},"type":"if","locations":[{"start":{"line":108,"column":4},"end":{"line":110,"column":5}},{"start":{},"end":{}}],"line":108},"9":{"loc":{"start":{"line":113,"column":4},"end":{"line":115,"column":5}},"type":"if","locations":[{"start":{"line":113,"column":4},"end":{"line":115,"column":5}},{"start":{},"end":{}}],"line":113}},"s":{"0":2,"1":2,"2":10,"3":10,"4":10,"5":1,"6":9,"7":9,"8":0,"9":0,"10":2,"11":4,"12":4,"13":4,"14":0,"15":0,"16":2,"17":2,"18":2,"19":2,"20":2,"21":0,"22":2,"23":1,"24":1,"25":1,"26":1,"27":1,"28":1,"29":1,"30":1,"31":0,"32":0,"33":2,"34":2,"35":2,"36":2,"37":0,"38":2,"39":1,"40":1,"41":1,"42":0,"43":0,"44":2},"f":{"0":10,"1":4,"2":2,"3":2},"b":{"0":[1,9],"1":[10,9,9],"2":[0,2],"3":[1,1],"4":[1,1],"5":[1,0],"6":[1,0],"7":[1,1],"8":[0,2],"9":[1,1]},"_coverageSchema":"1a1c01bbd47fc00a2c39e90264f33305004495a9","hash":"48bafbfd70d60952a65fcd96055bd75af2cc8520"}
,"/Users/shivammishra/Desktop/Finance_Project/controllers/authController.js": {"path":"/Users/shivammishra/Desktop/Finance_Project/controllers/authController.js","statementMap":{"0":{"start":{"line":1,"column":12},"end":{"line":1,"column":35}},"1":{"start":{"line":2,"column":15},"end":{"line":2,"column":32}},"2":{"start":{"line":3,"column":13},"end":{"line":3,"column":38}},"3":{"start":{"line":10,"column":22},"end":{"line":14,"column":1}},"4":{"start":{"line":11,"column":2},"end":{"line":13,"column":5}},"5":{"start":{"line":21,"column":21},"end":{"line":59,"column":1}},"6":{"start":{"line":22,"column":2},"end":{"line":58,"column":3}},"7":{"start":{"line":23,"column":42},"end":{"line":23,"column":50}},"8":{"start":{"line":26,"column":4},"end":{"line":28,"column":5}},"9":{"start":{"line":27,"column":6},"end":{"line":27,"column":85}},"10":{"start":{"line":31,"column":23},"end":{"line":31,"column":52}},"11":{"start":{"line":32,"column":4},"end":{"line":34,"column":5}},"12":{"start":{"line":33,"column":6},"end":{"line":33,"column":86}},"13":{"start":{"line":37,"column":17},"end":{"line":41,"column":6}},"14":{"start":{"line":43,"column":4},"end":{"line":54,"column":5}},"15":{"start":{"line":45,"column":6},"end":{"line":51,"column":9}},"16":{"start":{"line":53,"column":6},"end":{"line":53,"column":61}},"17":{"start":{"line":56,"column":4},"end":{"line":56,"column":56}},"18":{"start":{"line":57,"column":4},"end":{"line":57,"column":74}},"19":{"start":{"line":66,"column":18},"end":{"line":99,"column":1}},"20":{"start":{"line":67,"column":2},"end":{"line":98,"column":3}},"21":{"start":{"line":68,"column":32},"end":{"line":68,"column":40}},"22":{"start":{"line":71,"column":4},"end":{"line":73,"column":5}},"23":{"start":{"line":72,"column":6},"end":{"line":72,"column":84}},"24":{"start":{"line":76,"column":17},"end":{"line":76,"column":46}},"25":{"start":{"line":77,"column":4},"end":{"line":79,"column":5}},"26":{"start":{"line":78,"column":6},"end":{"line":78,"column":76}},"27":{"start":{"line":82,"column":20},"end":{"line":82,"column":65}},"28":{"start":{"line":83,"column":4},"end":{"line":85,"column":5}},"29":{"start":{"line":84,"column":6},"end":{"line":84,"column":76}},"30":{"start":{"line":88,"column":4},"end":{"line":94,"column":7}},"31":{"start":{"line":96,"column":4},"end":{"line":96,"column":49}},"32":{"start":{"line":97,"column":4},"end":{"line":97,"column":67}},"33":{"start":{"line":106,"column":23},"end":{"line":120,"column":1}},"34":{"start":{"line":107,"column":2},"end":{"line":119,"column":3}},"35":{"start":{"line":109,"column":17},"end":{"line":109,"column":69}},"36":{"start":{"line":111,"column":4},"end":{"line":113,"column":5}},"37":{"start":{"line":112,"column":6},"end":{"line":112,"column":65}},"38":{"start":{"line":115,"column":4},"end":{"line":115,"column":19}},"39":{"start":{"line":117,"column":4},"end":{"line":117,"column":60}},"40":{"start":{"line":118,"column":4},"end":{"line":118,"column":82}},"41":{"start":{"line":127,"column":19},"end":{"line":175,"column":1}},"42":{"start":{"line":128,"column":2},"end":{"line":174,"column":3}},"43":{"start":{"line":129,"column":58},"end":{"line":129,"column":66}},"44":{"start":{"line":132,"column":17},"end":{"line":132,"column":49}},"45":{"start":{"line":134,"column":4},"end":{"line":136,"column":5}},"46":{"start":{"line":135,"column":6},"end":{"line":135,"column":65}},"47":{"start":{"line":139,"column":4},"end":{"line":141,"column":5}},"48":{"start":{"line":140,"column":6},"end":{"line":140,"column":85}},"49":{"start":{"line":144,"column":4},"end":{"line":150,"column":5}},"50":{"start":{"line":145,"column":26},"end":{"line":145,"column":55}},"51":{"start":{"line":146,"column":6},"end":{"line":148,"column":7}},"52":{"start":{"line":147,"column":8},"end":{"line":147,"column":73}},"53":{"start":{"line":149,"column":6},"end":{"line":149,"column":25}},"54":{"start":{"line":153,"column":4},"end":{"line":153,"column":43}},"55":{"start":{"line":153,"column":18},"end":{"line":153,"column":43}},"56":{"start":{"line":154,"column":4},"end":{"line":154,"column":61}},"57":{"start":{"line":154,"column":24},"end":{"line":154,"column":61}},"58":{"start":{"line":157,"column":4},"end":{"line":159,"column":5}},"59":{"start":{"line":158,"column":6},"end":{"line":158,"column":31}},"60":{"start":{"line":161,"column":24},"end":{"line":161,"column":41}},"61":{"start":{"line":164,"column":4},"end":{"line":170,"column":7}},"62":{"start":{"line":172,"column":4},"end":{"line":172,"column":55}},"63":{"start":{"line":173,"column":4},"end":{"line":173,"column":82}},"64":{"start":{"line":177,"column":0},"end":{"line":183,"column":2}}},"fnMap":{"0":{"name":"(anonymous_0)","decl":{"start":{"line":10,"column":22},"end":{"line":10,"column":23}},"loc":{"start":{"line":10,"column":30},"end":{"line":14,"column":1}},"line":10},"1":{"name":"(anonymous_1)","decl":{"start":{"line":21,"column":21},"end":{"line":21,"column":22}},"loc":{"start":{"line":21,"column":41},"end":{"line":59,"column":1}},"line":21},"2":{"name":"(anonymous_2)","decl":{"start":{"line":66,"column":18},"end":{"line":66,"column":19}},"loc":{"start":{"line":66,"column":38},"end":{"line":99,"column":1}},"line":66},"3":{"name":"(anonymous_3)","decl":{"start":{"line":106,"column":23},"end":{"line":106,"column":24}},"loc":{"start":{"line":106,"column":43},"end":{"line":120,"column":1}},"line":106},"4":{"name":"(anonymous_4)","decl":{"start":{"line":127,"column":19},"end":{"line":127,"column":20}},"loc":{"start":{"line":127,"column":39},"end":{"line":175,"column":1}},"line":127}},"branchMap":{"0":{"loc":{"start":{"line":26,"column":4},"end":{"line":28,"column":5}},"type":"if","locations":[{"start":{"line":26,"column":4},"end":{"line":28,"column":5}},{"start":{},"end":{}}],"line":26},"1":{"loc":{"start":{"line":26,"column":8},"end":{"line":26,"column":40}},"type":"binary-expr","locations":[{"start":{"line":26,"column":8},"end":{"line":26,"column":14}},{"start":{"line":26,"column":18},"end":{"line":26,"column":27}},{"start":{"line":26,"column":31},"end":{"line":26,"column":40}}],"line":26},"2":{"loc":{"start":{"line":32,"column":4},"end":{"line":34,"column":5}},"type":"if","locations":[{"start":{"line":32,"column":4},"end":{"line":34,"column":5}},{"start":{},"end":{}}],"line":32},"3":{"loc":{"start":{"line":43,"column":4},"end":{"line":54,"column":5}},"type":"if","locations":[{"start":{"line":43,"column":4},"end":{"line":54,"column":5}},{"start":{"line":52,"column":11},"end":{"line":54,"column":5}}],"line":43},"4":{"loc":{"start":{"line":71,"column":4},"end":{"line":73,"column":5}},"type":"if","locations":[{"start":{"line":71,"column":4},"end":{"line":73,"column":5}},{"start":{},"end":{}}],"line":71},"5":{"loc":{"start":{"line":71,"column":8},"end":{"line":71,"column":27}},"type":"binary-expr","locations":[{"start":{"line":71,"column":8},"end":{"line":71,"column":14}},{"start":{"line":71,"column":18},"end":{"line":71,"column":27}}],"line":71},"6":{"loc":{"start":{"line":77,"column":4},"end":{"line":79,"column":5}},"type":"if","locations":[{"start":{"line":77,"column":4},"end":{"line":79,"column":5}},{"start":{},"end":{}}],"line":77},"7":{"loc":{"start":{"line":83,"column":4},"end":{"line":85,"column":5}},"type":"if","locations":[{"start":{"line":83,"column":4},"end":{"line":85,"column":5}},{"start":{},"end":{}}],"line":83},"8":{"loc":{"start":{"line":111,"column":4},"end":{"line":113,"column":5}},"type":"if","locations":[{"start":{"line":111,"column":4},"end":{"line":113,"column":5}},{"start":{},"end":{}}],"line":111},"9":{"loc":{"start":{"line":134,"column":4},"end":{"line":136,"column":5}},"type":"if","locations":[{"start":{"line":134,"column":4},"end":{"line":136,"column":5}},{"start":{},"end":{}}],"line":134},"10":{"loc":{"start":{"line":139,"column":4},"end":{"line":141,"column":5}},"type":"if","locations":[{"start":{"line":139,"column":4},"end":{"line":141,"column":5}},{"start":{},"end":{}}],"line":139},"11":{"loc":{"start":{"line":144,"column":4},"end":{"line":150,"column":5}},"type":"if","locations":[{"start":{"line":144,"column":4},"end":{"line":150,"column":5}},{"start":{},"end":{}}],"line":144},"12":{"loc":{"start":{"line":144,"column":8},"end":{"line":144,"column":37}},"type":"binary-expr","locations":[{"start":{"line":144,"column":8},"end":{"line":144,"column":13}},{"start":{"line":144,"column":17},"end":{"line":144,"column":37}}],"line":144},"13":{"loc":{"start":{"line":146,"column":6},"end":{"line":148,"column":7}},"type":"if","locations":[{"start":{"line":146,"column":6},"end":{"line":148,"column":7}},{"start":{},"end":{}}],"line":146},"14":{"loc":{"start":{"line":153,"column":4},"end":{"line":153,"column":43}},"type":"if","locations":[{"start":{"line":153,"column":4},"end":{"line":153,"column":43}},{"start":{},"end":{}}],"line":153},"15":{"loc":{"start":{"line":154,"column":4},"end":{"line":154,"column":61}},"type":"if","locations":[{"start":{"line":154,"column":4},"end":{"line":154,"column":61}},{"start":{},"end":{}}],"line":154},"16":{"loc":{"start":{"line":157,"column":4},"end":{"line":159,"column":5}},"type":"if","locations":[{"start":{"line":157,"column":4},"end":{"line":159,"column":5}},{"start":{},"end":{}}],"line":157}},"s":{"0":4,"1":4,"2":4,"3":4,"4":227,"5":4,"6":187,"7":187,"8":187,"9":1,"10":186,"11":186,"12":1,"13":185,"14":185,"15":185,"16":0,"17":0,"18":0,"19":4,"20":45,"21":45,"22":45,"23":1,"24":44,"25":44,"26":1,"27":43,"28":43,"29":1,"30":42,"31":0,"32":0,"33":4,"34":1,"35":1,"36":1,"37":0,"38":1,"39":0,"40":0,"41":4,"42":0,"43":0,"44":0,"45":0,"46":0,"47":0,"48":0,"49":0,"50":0,"51":0,"52":0,"53":0,"54":0,"55":0,"56":0,"57":0,"58":0,"59":0,"60":0,"61":0,"62":0,"63":0,"64":4},"f":{"0":227,"1":187,"2":45,"3":1,"4":0},"b":{"0":[1,186],"1":[187,187,186],"2":[1,185],"3":[185,0],"4":[1,44],"5":[45,44],"6":[1,43],"7":[1,42],"8":[0,1],"9":[0,0],"10":[0,0],"11":[0,0],"12":[0,0],"13":[0,0],"14":[0,0],"15":[0,0],"16":[0,0]},"_coverageSchema":"1a1c01bbd47fc00a2c39e90264f33305004495a9","hash":"02dfdf59a791cf610568e005fc04de5e8558e202"}
,"/Users/shivammishra/Desktop/Finance_Project/controllers/budgetController.js": {"path":"/Users/shivammishra/Desktop/Finance_Project/controllers/budgetController.js","statementMap":{"0":{"start":{"line":1,"column":15},"end":{"line":1,"column":42}},"1":{"start":{"line":8,"column":21},"end":{"line":44,"column":1}},"2":{"start":{"line":9,"column":2},"end":{"line":43,"column":3}},"3":{"start":{"line":10,"column":51},"end":{"line":10,"column":59}},"4":{"start":{"line":13,"column":4},"end":{"line":15,"column":5}},"5":{"start":{"line":14,"column":6},"end":{"line":14,"column":122}},"6":{"start":{"line":18,"column":24},"end":{"line":18,"column":52}},"7":{"start":{"line":21,"column":27},"end":{"line":25,"column":6}},"8":{"start":{"line":27,"column":4},"end":{"line":29,"column":5}},"9":{"start":{"line":28,"column":6},"end":{"line":28,"column":101}},"10":{"start":{"line":32,"column":19},"end":{"line":37,"column":6}},"11":{"start":{"line":39,"column":4},"end":{"line":39,"column":33}},"12":{"start":{"line":41,"column":4},"end":{"line":41,"column":57}},"13":{"start":{"line":42,"column":4},"end":{"line":42,"column":76}},"14":{"start":{"line":51,"column":19},"end":{"line":63,"column":1}},"15":{"start":{"line":52,"column":2},"end":{"line":62,"column":3}},"16":{"start":{"line":54,"column":20},"end":{"line":56,"column":32}},"17":{"start":{"line":58,"column":4},"end":{"line":58,"column":22}},"18":{"start":{"line":60,"column":4},"end":{"line":60,"column":55}},"19":{"start":{"line":61,"column":4},"end":{"line":61,"column":77}},"20":{"start":{"line":70,"column":21},"end":{"line":102,"column":1}},"21":{"start":{"line":71,"column":2},"end":{"line":101,"column":3}},"22":{"start":{"line":72,"column":51},"end":{"line":72,"column":59}},"23":{"start":{"line":75,"column":19},"end":{"line":75,"column":55}},"24":{"start":{"line":77,"column":4},"end":{"line":79,"column":5}},"25":{"start":{"line":78,"column":6},"end":{"line":78,"column":67}},"26":{"start":{"line":82,"column":4},"end":{"line":84,"column":5}},"27":{"start":{"line":83,"column":6},"end":{"line":83,"column":87}},"28":{"start":{"line":87,"column":4},"end":{"line":87,"column":50}},"29":{"start":{"line":88,"column":4},"end":{"line":88,"column":86}},"30":{"start":{"line":91,"column":4},"end":{"line":93,"column":5}},"31":{"start":{"line":92,"column":6},"end":{"line":92,"column":56}},"32":{"start":{"line":95,"column":26},"end":{"line":95,"column":45}},"33":{"start":{"line":97,"column":4},"end":{"line":97,"column":28}},"34":{"start":{"line":99,"column":4},"end":{"line":99,"column":57}},"35":{"start":{"line":100,"column":4},"end":{"line":100,"column":76}},"36":{"start":{"line":109,"column":21},"end":{"line":130,"column":1}},"37":{"start":{"line":110,"column":2},"end":{"line":129,"column":3}},"38":{"start":{"line":112,"column":19},"end":{"line":112,"column":55}},"39":{"start":{"line":114,"column":4},"end":{"line":116,"column":5}},"40":{"start":{"line":115,"column":6},"end":{"line":115,"column":67}},"41":{"start":{"line":119,"column":4},"end":{"line":121,"column":5}},"42":{"start":{"line":120,"column":6},"end":{"line":120,"column":87}},"43":{"start":{"line":123,"column":4},"end":{"line":123,"column":50}},"44":{"start":{"line":125,"column":4},"end":{"line":125,"column":57}},"45":{"start":{"line":127,"column":4},"end":{"line":127,"column":57}},"46":{"start":{"line":128,"column":4},"end":{"line":128,"column":76}},"47":{"start":{"line":132,"column":0},"end":{"line":137,"column":2}}},"fnMap":{"0":{"name":"(anonymous_0)","decl":{"start":{"line":8,"column":21},"end":{"line":8,"column":22}},"loc":{"start":{"line":8,"column":41},"end":{"line":44,"column":1}},"line":8},"1":{"name":"(anonymous_1)","decl":{"start":{"line":51,"column":19},"end":{"line":51,"column":20}},"loc":{"start":{"line":51,"column":39},"end":{"line":63,"column":1}},"line":51},"2":{"name":"(anonymous_2)","decl":{"start":{"line":70,"column":21},"end":{"line":70,"column":22}},"loc":{"start":{"line":70,"column":41},"end":{"line":102,"column":1}},"line":70},"3":{"name":"(anonymous_3)","decl":{"start":{"line":109,"column":21},"end":{"line":109,"column":22}},"loc":{"start":{"line":109,"column":41},"end":{"line":130,"column":1}},"line":109}},"branchMap":{"0":{"loc":{"start":{"line":13,"column":4},"end":{"line":15,"column":5}},"type":"if","locations":[{"start":{"line":13,"column":4},"end":{"line":15,"column":5}},{"start":{},"end":{}}],"line":13},"1":{"loc":{"start":{"line":13,"column":8},"end":{"line":13,"column":91}},"type":"binary-expr","locations":[{"start":{"line":13,"column":8},"end":{"line":13,"column":17}},{"start":{"line":13,"column":21},"end":{"line":13,"column":46}},{"start":{"line":13,"column":50},"end":{"line":13,"column":69}},{"start":{"line":13,"column":73},"end":{"line":13,"column":91}}],"line":13},"2":{"loc":{"start":{"line":27,"column":4},"end":{"line":29,"column":5}},"type":"if","locations":[{"start":{"line":27,"column":4},"end":{"line":29,"column":5}},{"start":{},"end":{}}],"line":27},"3":{"loc":{"start":{"line":77,"column":4},"end":{"line":79,"column":5}},"type":"if","locations":[{"start":{"line":77,"column":4},"end":{"line":79,"column":5}},{"start":{},"end":{}}],"line":77},"4":{"loc":{"start":{"line":82,"column":4},"end":{"line":84,"column":5}},"type":"if","locations":[{"start":{"line":82,"column":4},"end":{"line":84,"column":5}},{"start":{},"end":{}}],"line":82},"5":{"loc":{"start":{"line":87,"column":22},"end":{"line":87,"column":49}},"type":"binary-expr","locations":[{"start":{"line":87,"column":22},"end":{"line":87,"column":30}},{"start":{"line":87,"column":34},"end":{"line":87,"column":49}}],"line":87},"6":{"loc":{"start":{"line":88,"column":25},"end":{"line":88,"column":85}},"type":"cond-expr","locations":[{"start":{"line":88,"column":53},"end":{"line":88,"column":64}},{"start":{"line":88,"column":67},"end":{"line":88,"column":85}}],"line":88},"7":{"loc":{"start":{"line":91,"column":4},"end":{"line":93,"column":5}},"type":"if","locations":[{"start":{"line":91,"column":4},"end":{"line":93,"column":5}},{"start":{},"end":{}}],"line":91},"8":{"loc":{"start":{"line":91,"column":8},"end":{"line":91,"column":49}},"type":"binary-expr","locations":[{"start":{"line":91,"column":8},"end":{"line":91,"column":27}},{"start":{"line":91,"column":31},"end":{"line":91,"column":49}}],"line":91},"9":{"loc":{"start":{"line":114,"column":4},"end":{"line":116,"column":5}},"type":"if","locations":[{"start":{"line":114,"column":4},"end":{"line":116,"column":5}},{"start":{},"end":{}}],"line":114},"10":{"loc":{"start":{"line":119,"column":4},"end":{"line":121,"column":5}},"type":"if","locations":[{"start":{"line":119,"column":4},"end":{"line":121,"column":5}},{"start":{},"end":{}}],"line":119}},"s":{"0":2,"1":2,"2":10,"3":10,"4":10,"5":1,"6":9,"7":9,"8":9,"9":0,"10":9,"11":9,"12":0,"13":0,"14":2,"15":4,"16":4,"17":4,"18":0,"19":0,"20":2,"21":2,"22":2,"23":2,"24":2,"25":0,"26":2,"27":1,"28":1,"29":1,"30":1,"31":0,"32":1,"33":1,"34":0,"35":0,"36":2,"37":2,"38":2,"39":2,"40":0,"41":2,"42":1,"43":1,"44":1,"45":0,"46":0,"47":2},"f":{"0":10,"1":4,"2":2,"3":2},"b":{"0":[1,9],"1":[10,9,9,9],"2":[0,9],"3":[0,2],"4":[1,1],"5":[1,1],"6":[1,0],"7":[0,1],"8":[1,0],"9":[0,2],"10":[1,1]},"_coverageSchema":"1a1c01bbd47fc00a2c39e90264f33305004495a9","hash":"5815b488cd7c2e1a7b71d5040977f8c7b114e5a5"}
,"/Users/shivammishra/Desktop/Finance_Project/controllers/debtController.js": {"path":"/Users/shivammishra/Desktop/Finance_Project/controllers/debtController.js","statementMap":{"0":{"start":{"line":1,"column":13},"end":{"line":1,"column":38}},"1":{"start":{"line":8,"column":19},"end":{"line":34,"column":1}},"2":{"start":{"line":9,"column":2},"end":{"line":33,"column":3}},"3":{"start":{"line":10,"column":112},"end":{"line":10,"column":120}},"4":{"start":{"line":13,"column":4},"end":{"line":15,"column":5}},"5":{"start":{"line":14,"column":6},"end":{"line":14,"column":85}},"6":{"start":{"line":18,"column":17},"end":{"line":27,"column":6}},"7":{"start":{"line":29,"column":4},"end":{"line":29,"column":31}},"8":{"start":{"line":31,"column":4},"end":{"line":31,"column":55}},"9":{"start":{"line":32,"column":4},"end":{"line":32,"column":74}},"10":{"start":{"line":41,"column":17},"end":{"line":53,"column":1}},"11":{"start":{"line":42,"column":2},"end":{"line":52,"column":3}},"12":{"start":{"line":44,"column":18},"end":{"line":46,"column":30}},"13":{"start":{"line":48,"column":4},"end":{"line":48,"column":20}},"14":{"start":{"line":50,"column":4},"end":{"line":50,"column":53}},"15":{"start":{"line":51,"column":4},"end":{"line":51,"column":75}},"16":{"start":{"line":60,"column":19},"end":{"line":92,"column":1}},"17":{"start":{"line":61,"column":2},"end":{"line":91,"column":3}},"18":{"start":{"line":62,"column":112},"end":{"line":62,"column":120}},"19":{"start":{"line":65,"column":17},"end":{"line":65,"column":51}},"20":{"start":{"line":67,"column":4},"end":{"line":69,"column":5}},"21":{"start":{"line":68,"column":6},"end":{"line":68,"column":65}},"22":{"start":{"line":72,"column":4},"end":{"line":74,"column":5}},"23":{"start":{"line":73,"column":6},"end":{"line":73,"column":85}},"24":{"start":{"line":77,"column":4},"end":{"line":77,"column":46}},"25":{"start":{"line":78,"column":4},"end":{"line":78,"column":34}},"26":{"start":{"line":79,"column":4},"end":{"line":79,"column":94}},"27":{"start":{"line":80,"column":4},"end":{"line":80,"column":102}},"28":{"start":{"line":81,"column":4},"end":{"line":81,"column":86}},"29":{"start":{"line":82,"column":4},"end":{"line":82,"column":94}},"30":{"start":{"line":83,"column":4},"end":{"line":83,"column":98}},"31":{"start":{"line":85,"column":24},"end":{"line":85,"column":41}},"32":{"start":{"line":87,"column":4},"end":{"line":87,"column":26}},"33":{"start":{"line":89,"column":4},"end":{"line":89,"column":55}},"34":{"start":{"line":90,"column":4},"end":{"line":90,"column":74}},"35":{"start":{"line":99,"column":19},"end":{"line":120,"column":1}},"36":{"start":{"line":100,"column":2},"end":{"line":119,"column":3}},"37":{"start":{"line":102,"column":17},"end":{"line":102,"column":51}},"38":{"start":{"line":104,"column":4},"end":{"line":106,"column":5}},"39":{"start":{"line":105,"column":6},"end":{"line":105,"column":65}},"40":{"start":{"line":109,"column":4},"end":{"line":111,"column":5}},"41":{"start":{"line":110,"column":6},"end":{"line":110,"column":85}},"42":{"start":{"line":113,"column":4},"end":{"line":113,"column":48}},"43":{"start":{"line":115,"column":4},"end":{"line":115,"column":55}},"44":{"start":{"line":117,"column":4},"end":{"line":117,"column":55}},"45":{"start":{"line":118,"column":4},"end":{"line":118,"column":74}},"46":{"start":{"line":122,"column":0},"end":{"line":127,"column":2}}},"fnMap":{"0":{"name":"(anonymous_0)","decl":{"start":{"line":8,"column":19},"end":{"line":8,"column":20}},"loc":{"start":{"line":8,"column":39},"end":{"line":34,"column":1}},"line":8},"1":{"name":"(anonymous_1)","decl":{"start":{"line":41,"column":17},"end":{"line":41,"column":18}},"loc":{"start":{"line":41,"column":37},"end":{"line":53,"column":1}},"line":41},"2":{"name":"(anonymous_2)","decl":{"start":{"line":60,"column":19},"end":{"line":60,"column":20}},"loc":{"start":{"line":60,"column":39},"end":{"line":92,"column":1}},"line":60},"3":{"name":"(anonymous_3)","decl":{"start":{"line":99,"column":19},"end":{"line":99,"column":20}},"loc":{"start":{"line":99,"column":39},"end":{"line":120,"column":1}},"line":99}},"branchMap":{"0":{"loc":{"start":{"line":13,"column":4},"end":{"line":15,"column":5}},"type":"if","locations":[{"start":{"line":13,"column":4},"end":{"line":15,"column":5}},{"start":{},"end":{}}],"line":13},"1":{"loc":{"start":{"line":13,"column":8},"end":{"line":13,"column":122}},"type":"binary-expr","locations":[{"start":{"line":13,"column":8},"end":{"line":13,"column":17}},{"start":{"line":13,"column":21},"end":{"line":13,"column":26}},{"start":{"line":13,"column":30},"end":{"line":13,"column":58}},{"start":{"line":13,"column":62},"end":{"line":13,"column":92}},{"start":{"line":13,"column":96},"end":{"line":13,"column":122}}],"line":13},"2":{"loc":{"start":{"line":67,"column":4},"end":{"line":69,"column":5}},"type":"if","locations":[{"start":{"line":67,"column":4},"end":{"line":69,"column":5}},{"start":{},"end":{}}],"line":67},"3":{"loc":{"start":{"line":72,"column":4},"end":{"line":74,"column":5}},"type":"if","locations":[{"start":{"line":72,"column":4},"end":{"line":74,"column":5}},{"start":{},"end":{}}],"line":72},"4":{"loc":{"start":{"line":77,"column":20},"end":{"line":77,"column":45}},"type":"binary-expr","locations":[{"start":{"line":77,"column":20},"end":{"line":77,"column":28}},{"start":{"line":77,"column":32},"end":{"line":77,"column":45}}],"line":77},"5":{"loc":{"start":{"line":78,"column":16},"end":{"line":78,"column":33}},"type":"binary-expr","locations":[{"start":{"line":78,"column":16},"end":{"line":78,"column":20}},{"start":{"line":78,"column":24},"end":{"line":78,"column":33}}],"line":78},"6":{"loc":{"start":{"line":79,"column":26},"end":{"line":79,"column":93}},"type":"cond-expr","locations":[{"start":{"line":79,"column":57},"end":{"line":79,"column":71}},{"start":{"line":79,"column":74},"end":{"line":79,"column":93}}],"line":79},"7":{"loc":{"start":{"line":80,"column":28},"end":{"line":80,"column":101}},"type":"cond-expr","locations":[{"start":{"line":80,"column":61},"end":{"line":80,"column":77}},{"start":{"line":80,"column":80},"end":{"line":80,"column":101}}],"line":80},"8":{"loc":{"start":{"line":81,"column":24},"end":{"line":81,"column":85}},"type":"cond-expr","locations":[{"start":{"line":81,"column":53},"end":{"line":81,"column":65}},{"start":{"line":81,"column":68},"end":{"line":81,"column":85}}],"line":81},"9":{"loc":{"start":{"line":82,"column":26},"end":{"line":82,"column":93}},"type":"cond-expr","locations":[{"start":{"line":82,"column":57},"end":{"line":82,"column":71}},{"start":{"line":82,"column":74},"end":{"line":82,"column":93}}],"line":82},"10":{"loc":{"start":{"line":83,"column":27},"end":{"line":83,"column":97}},"type":"cond-expr","locations":[{"start":{"line":83,"column":59},"end":{"line":83,"column":74}},{"start":{"line":83,"column":77},"end":{"line":83,"column":97}}],"line":83},"11":{"loc":{"start":{"line":104,"column":4},"end":{"line":106,"column":5}},"type":"if","locations":[{"start":{"line":104,"column":4},"end":{"line":106,"column":5}},{"start":{},"end":{}}],"line":104},"12":{"loc":{"start":{"line":109,"column":4},"end":{"line":111,"column":5}},"type":"if","locations":[{"start":{"line":109,"column":4},"end":{"line":111,"column":5}},{"start":{},"end":{}}],"line":109}},"s":{"0":2,"1":2,"2":10,"3":10,"4":10,"5":1,"6":9,"7":9,"8":0,"9":0,"10":2,"11":4,"12":4,"13":4,"14":0,"15":0,"16":2,"17":2,"18":2,"19":2,"20":2,"21":0,"22":2,"23":1,"24":1,"25":1,"26":1,"27":1,"28":1,"29":1,"30":1,"31":1,"32":1,"33":0,"34":0,"35":2,"36":2,"37":2,"38":2,"39":0,"40":2,"41":1,"42":1,"43":1,"44":0,"45":0,"46":2},"f":{"0":10,"1":4,"2":2,"3":2},"b":{"0":[1,9],"1":[10,9,9,9,9],"2":[0,2],"3":[1,1],"4":[1,1],"5":[1,0],"6":[0,1],"7":[1,0],"8":[0,1],"9":[0,1],"10":[0,1],"11":[0,2],"12":[1,1]},"_coverageSchema":"1a1c01bbd47fc00a2c39e90264f33305004495a9","hash":"c0c091df61180898c15f8475bec179adb5b7f6fb"}
,"/Users/shivammishra/Desktop/Finance_Project/controllers/quizController.js": {"path":"/Users/shivammishra/Desktop/Finance_Project/controllers/quizController.js","statementMap":{"0":{"start":{"line":1,"column":21},"end":{"line":1,"column":54}},"1":{"start":{"line":8,"column":18},"end":{"line":45,"column":1}},"2":{"start":{"line":9,"column":2},"end":{"line":44,"column":3}},"3":{"start":{"line":10,"column":25},"end":{"line":10,"column":34}},"4":{"start":{"line":13,"column":24},"end":{"line":13,"column":26}},"5":{"start":{"line":14,"column":4},"end":{"line":16,"column":5}},"6":{"start":{"line":15,"column":6},"end":{"line":15,"column":38}},"7":{"start":{"line":19,"column":22},"end":{"line":31,"column":6}},"8":{"start":{"line":33,"column":4},"end":{"line":35,"column":5}},"9":{"start":{"line":34,"column":6},"end":{"line":34,"column":78}},"10":{"start":{"line":37,"column":4},"end":{"line":40,"column":7}},"11":{"start":{"line":42,"column":4},"end":{"line":42,"column":62}},"12":{"start":{"line":43,"column":4},"end":{"line":43,"column":84}},"13":{"start":{"line":52,"column":19},"end":{"line":111,"column":1}},"14":{"start":{"line":53,"column":2},"end":{"line":110,"column":3}},"15":{"start":{"line":54,"column":24},"end":{"line":54,"column":32}},"16":{"start":{"line":57,"column":4},"end":{"line":59,"column":5}},"17":{"start":{"line":58,"column":6},"end":{"line":58,"column":85}},"18":{"start":{"line":62,"column":24},"end":{"line":62,"column":54}},"19":{"start":{"line":62,"column":41},"end":{"line":62,"column":53}},"20":{"start":{"line":65,"column":22},"end":{"line":65,"column":76}},"21":{"start":{"line":68,"column":24},"end":{"line":68,"column":26}},"22":{"start":{"line":69,"column":4},"end":{"line":71,"column":7}},"23":{"start":{"line":70,"column":6},"end":{"line":70,"column":40}},"24":{"start":{"line":74,"column":23},"end":{"line":74,"column":24}},"25":{"start":{"line":75,"column":20},"end":{"line":96,"column":6}},"26":{"start":{"line":76,"column":23},"end":{"line":76,"column":53}},"27":{"start":{"line":77,"column":6},"end":{"line":82,"column":7}},"28":{"start":{"line":78,"column":8},"end":{"line":81,"column":10}},"29":{"start":{"line":84,"column":24},"end":{"line":84,"column":76}},"30":{"start":{"line":85,"column":6},"end":{"line":85,"column":36}},"31":{"start":{"line":85,"column":21},"end":{"line":85,"column":36}},"32":{"start":{"line":87,"column":6},"end":{"line":95,"column":8}},"33":{"start":{"line":98,"column":27},"end":{"line":98,"column":41}},"34":{"start":{"line":99,"column":28},"end":{"line":99,"column":77}},"35":{"start":{"line":101,"column":4},"end":{"line":106,"column":7}},"36":{"start":{"line":108,"column":4},"end":{"line":108,"column":55}},"37":{"start":{"line":109,"column":4},"end":{"line":109,"column":76}},"38":{"start":{"line":113,"column":0},"end":{"line":116,"column":2}}},"fnMap":{"0":{"name":"(anonymous_0)","decl":{"start":{"line":8,"column":18},"end":{"line":8,"column":19}},"loc":{"start":{"line":8,"column":38},"end":{"line":45,"column":1}},"line":8},"1":{"name":"(anonymous_1)","decl":{"start":{"line":52,"column":19},"end":{"line":52,"column":20}},"loc":{"start":{"line":52,"column":39},"end":{"line":111,"column":1}},"line":52},"2":{"name":"(anonymous_2)","decl":{"start":{"line":62,"column":36},"end":{"line":62,"column":37}},"loc":{"start":{"line":62,"column":41},"end":{"line":62,"column":53}},"line":62},"3":{"name":"(anonymous_3)","decl":{"start":{"line":69,"column":22},"end":{"line":69,"column":23}},"loc":{"start":{"line":69,"column":27},"end":{"line":71,"column":5}},"line":69},"4":{"name":"(anonymous_4)","decl":{"start":{"line":75,"column":32},"end":{"line":75,"column":33}},"loc":{"start":{"line":75,"column":42},"end":{"line":96,"column":5}},"line":75}},"branchMap":{"0":{"loc":{"start":{"line":14,"column":4},"end":{"line":16,"column":5}},"type":"if","locations":[{"start":{"line":14,"column":4},"end":{"line":16,"column":5}},{"start":{},"end":{}}],"line":14},"1":{"loc":{"start":{"line":33,"column":4},"end":{"line":35,"column":5}},"type":"if","locations":[{"start":{"line":33,"column":4},"end":{"line":35,"column":5}},{"start":{},"end":{}}],"line":33},"2":{"loc":{"start":{"line":57,"column":4},"end":{"line":59,"column":5}},"type":"if","locations":[{"start":{"line":57,"column":4},"end":{"line":59,"column":5}},{"start":{},"end":{}}],"line":57},"3":{"loc":{"start":{"line":57,"column":8},"end":{"line":57,"column":67}},"type":"binary-expr","locations":[{"start":{"line":57,"column":8},"end":{"line":57,"column":16}},{"start":{"line":57,"column":20},"end":{"line":57,"column":43}},{"start":{"line":57,"column":47},"end":{"line":57,"column":67}}],"line":57},"4":{"loc":{"start":{"line":77,"column":6},"end":{"line":82,"column":7}},"type":"if","locations":[{"start":{"line":77,"column":6},"end":{"line":82,"column":7}},{"start":{},"end":{}}],"line":77},"5":{"loc":{"start":{"line":85,"column":6},"end":{"line":85,"column":36}},"type":"if","locations":[{"start":{"line":85,"column":6},"end":{"line":85,"column":36}},{"start":{},"end":{}}],"line":85}},"s":{"0":1,"1":1,"2":1,"3":1,"4":1,"5":1,"6":0,"7":1,"8":1,"9":0,"10":1,"11":0,"12":0,"13":1,"14":8,"15":8,"16":8,"17":2,"18":6,"19":18,"20":6,"21":6,"22":6,"23":17,"24":6,"25":6,"26":18,"27":18,"28":1,"29":17,"30":17,"31":9,"32":17,"33":6,"34":6,"35":6,"36":0,"37":0,"38":1},"f":{"0":1,"1":8,"2":18,"3":17,"4":18},"b":{"0":[0,1],"1":[0,1],"2":[2,6],"3":[8,7,7],"4":[1,17],"5":[9,8]},"_coverageSchema":"1a1c01bbd47fc00a2c39e90264f33305004495a9","hash":"cf92b1e74c30155e5b4c9672f6d85b8cb48e3517"}
,"/Users/shivammishra/Desktop/Finance_Project/controllers/reportController.js": {"path":"/Users/shivammishra/Desktop/Finance_Project/controllers/reportController.js","statementMap":{"0":{"start":{"line":1,"column":17},"end":{"line":1,"column":36}},"1":{"start":{"line":2,"column":14},"end":{"line":2,"column":40}},"2":{"start":{"line":3,"column":13},"end":{"line":3,"column":38}},"3":{"start":{"line":4,"column":20},"end":{"line":4,"column":52}},"4":{"start":{"line":5,"column":70},"end":{"line":5,"column":111}},"5":{"start":{"line":6,"column":36},"end":{"line":6,"column":64}},"6":{"start":{"line":13,"column":20},"end":{"line":42,"column":1}},"7":{"start":{"line":14,"column":2},"end":{"line":41,"column":3}},"8":{"start":{"line":15,"column":19},"end":{"line":15,"column":59}},"9":{"start":{"line":18,"column":25},"end":{"line":21,"column":6}},"10":{"start":{"line":24,"column":24},"end":{"line":27,"column":6}},"11":{"start":{"line":29,"column":24},"end":{"line":29,"column":81}},"12":{"start":{"line":30,"column":23},"end":{"line":30,"column":77}},"13":{"start":{"line":31,"column":21},"end":{"line":31,"column":45}},"14":{"start":{"line":33,"column":4},"end":{"line":37,"column":7}},"15":{"start":{"line":39,"column":4},"end":{"line":39,"column":65}},"16":{"start":{"line":40,"column":4},"end":{"line":40,"column":82}},"17":{"start":{"line":49,"column":29},"end":{"line":109,"column":1}},"18":{"start":{"line":50,"column":2},"end":{"line":108,"column":3}},"19":{"start":{"line":51,"column":19},"end":{"line":51,"column":59}},"20":{"start":{"line":54,"column":16},"end":{"line":54,"column":26}},"21":{"start":{"line":55,"column":25},"end":{"line":55,"column":71}},"22":{"start":{"line":56,"column":23},"end":{"line":56,"column":90}},"23":{"start":{"line":59,"column":30},"end":{"line":95,"column":6}},"24":{"start":{"line":98,"column":26},"end":{"line":98,"column":91}},"25":{"start":{"line":98,"column":66},"end":{"line":98,"column":87}},"26":{"start":{"line":100,"column":4},"end":{"line":104,"column":7}},"27":{"start":{"line":106,"column":4},"end":{"line":106,"column":62}},"28":{"start":{"line":107,"column":4},"end":{"line":107,"column":91}},"29":{"start":{"line":116,"column":22},"end":{"line":278,"column":1}},"30":{"start":{"line":117,"column":2},"end":{"line":277,"column":3}},"31":{"start":{"line":118,"column":19},"end":{"line":118,"column":59}},"32":{"start":{"line":121,"column":16},"end":{"line":121,"column":26}},"33":{"start":{"line":122,"column":26},"end":{"line":122,"column":76}},"34":{"start":{"line":125,"column":31},"end":{"line":138,"column":6}},"35":{"start":{"line":141,"column":22},"end":{"line":141,"column":23}},"36":{"start":{"line":142,"column":24},"end":{"line":142,"column":25}},"37":{"start":{"line":143,"column":4},"end":{"line":149,"column":7}},"38":{"start":{"line":144,"column":6},"end":{"line":148,"column":7}},"39":{"start":{"line":145,"column":8},"end":{"line":145,"column":33}},"40":{"start":{"line":146,"column":13},"end":{"line":148,"column":7}},"41":{"start":{"line":147,"column":8},"end":{"line":147,"column":35}},"42":{"start":{"line":152,"column":31},"end":{"line":194,"column":6}},"43":{"start":{"line":196,"column":36},"end":{"line":198,"column":46}},"44":{"start":{"line":201,"column":19},"end":{"line":203,"column":13}},"45":{"start":{"line":205,"column":26},"end":{"line":208,"column":7}},"46":{"start":{"line":205,"column":47},"end":{"line":208,"column":5}},"47":{"start":{"line":210,"column":29},"end":{"line":210,"column":87}},"48":{"start":{"line":210,"column":59},"end":{"line":210,"column":83}},"49":{"start":{"line":213,"column":18},"end":{"line":215,"column":13}},"50":{"start":{"line":217,"column":25},"end":{"line":220,"column":7}},"51":{"start":{"line":217,"column":44},"end":{"line":220,"column":5}},"52":{"start":{"line":222,"column":30},"end":{"line":222,"column":89}},"53":{"start":{"line":222,"column":58},"end":{"line":222,"column":85}},"54":{"start":{"line":225,"column":21},"end":{"line":225,"column":57}},"55":{"start":{"line":226,"column":24},"end":{"line":228,"column":9}},"56":{"start":{"line":231,"column":26},"end":{"line":257,"column":5}},"57":{"start":{"line":260,"column":16},"end":{"line":260,"column":20}},"58":{"start":{"line":261,"column":4},"end":{"line":268,"column":5}},"59":{"start":{"line":262,"column":6},"end":{"line":264,"column":7}},"60":{"start":{"line":263,"column":8},"end":{"line":263,"column":61}},"61":{"start":{"line":266,"column":6},"end":{"line":266,"column":66}},"62":{"start":{"line":270,"column":4},"end":{"line":273,"column":7}},"63":{"start":{"line":275,"column":4},"end":{"line":275,"column":60}},"64":{"start":{"line":276,"column":4},"end":{"line":276,"column":87}},"65":{"start":{"line":285,"column":32},"end":{"line":331,"column":1}},"66":{"start":{"line":286,"column":2},"end":{"line":330,"column":3}},"67":{"start":{"line":287,"column":76},"end":{"line":287,"column":84}},"68":{"start":{"line":290,"column":4},"end":{"line":299,"column":5}},"69":{"start":{"line":296,"column":6},"end":{"line":298,"column":9}},"70":{"start":{"line":302,"column":4},"end":{"line":309,"column":5}},"71":{"start":{"line":308,"column":6},"end":{"line":308,"column":83}},"72":{"start":{"line":312,"column":4},"end":{"line":316,"column":5}},"73":{"start":{"line":313,"column":6},"end":{"line":315,"column":9}},"74":{"start":{"line":319,"column":23},"end":{"line":324,"column":5}},"75":{"start":{"line":326,"column":4},"end":{"line":326,"column":25}},"76":{"start":{"line":328,"column":4},"end":{"line":328,"column":65}},"77":{"start":{"line":329,"column":4},"end":{"line":329,"column":94}},"78":{"start":{"line":338,"column":32},"end":{"line":394,"column":1}},"79":{"start":{"line":339,"column":2},"end":{"line":393,"column":3}},"80":{"start":{"line":340,"column":102},"end":{"line":340,"column":110}},"81":{"start":{"line":343,"column":4},"end":{"line":353,"column":5}},"82":{"start":{"line":350,"column":6},"end":{"line":352,"column":9}},"83":{"start":{"line":356,"column":4},"end":{"line":364,"column":5}},"84":{"start":{"line":363,"column":6},"end":{"line":363,"column":83}},"85":{"start":{"line":367,"column":4},"end":{"line":371,"column":5}},"86":{"start":{"line":368,"column":6},"end":{"line":370,"column":9}},"87":{"start":{"line":374,"column":4},"end":{"line":378,"column":5}},"88":{"start":{"line":375,"column":6},"end":{"line":377,"column":9}},"89":{"start":{"line":381,"column":23},"end":{"line":387,"column":5}},"90":{"start":{"line":389,"column":4},"end":{"line":389,"column":25}},"91":{"start":{"line":391,"column":4},"end":{"line":391,"column":65}},"92":{"start":{"line":392,"column":4},"end":{"line":392,"column":94}},"93":{"start":{"line":396,"column":0},"end":{"line":402,"column":2}}},"fnMap":{"0":{"name":"(anonymous_0)","decl":{"start":{"line":13,"column":20},"end":{"line":13,"column":21}},"loc":{"start":{"line":13,"column":40},"end":{"line":42,"column":1}},"line":13},"1":{"name":"(anonymous_1)","decl":{"start":{"line":49,"column":29},"end":{"line":49,"column":30}},"loc":{"start":{"line":49,"column":49},"end":{"line":109,"column":1}},"line":49},"2":{"name":"(anonymous_2)","decl":{"start":{"line":98,"column":51},"end":{"line":98,"column":52}},"loc":{"start":{"line":98,"column":66},"end":{"line":98,"column":87}},"line":98},"3":{"name":"(anonymous_3)","decl":{"start":{"line":116,"column":22},"end":{"line":116,"column":23}},"loc":{"start":{"line":116,"column":42},"end":{"line":278,"column":1}},"line":116},"4":{"name":"(anonymous_4)","decl":{"start":{"line":143,"column":31},"end":{"line":143,"column":32}},"loc":{"start":{"line":143,"column":39},"end":{"line":149,"column":5}},"line":143},"5":{"name":"(anonymous_5)","decl":{"start":{"line":205,"column":37},"end":{"line":205,"column":38}},"loc":{"start":{"line":205,"column":47},"end":{"line":208,"column":5}},"line":205},"6":{"name":"(anonymous_6)","decl":{"start":{"line":210,"column":43},"end":{"line":210,"column":44}},"loc":{"start":{"line":210,"column":59},"end":{"line":210,"column":83}},"line":210},"7":{"name":"(anonymous_7)","decl":{"start":{"line":217,"column":35},"end":{"line":217,"column":36}},"loc":{"start":{"line":217,"column":44},"end":{"line":220,"column":5}},"line":217},"8":{"name":"(anonymous_8)","decl":{"start":{"line":222,"column":43},"end":{"line":222,"column":44}},"loc":{"start":{"line":222,"column":58},"end":{"line":222,"column":85}},"line":222},"9":{"name":"(anonymous_9)","decl":{"start":{"line":285,"column":32},"end":{"line":285,"column":33}},"loc":{"start":{"line":285,"column":52},"end":{"line":331,"column":1}},"line":285},"10":{"name":"(anonymous_10)","decl":{"start":{"line":338,"column":32},"end":{"line":338,"column":33}},"loc":{"start":{"line":338,"column":52},"end":{"line":394,"column":1}},"line":338}},"branchMap":{"0":{"loc":{"start":{"line":29,"column":24},"end":{"line":29,"column":81}},"type":"cond-expr","locations":[{"start":{"line":29,"column":50},"end":{"line":29,"column":77}},{"start":{"line":29,"column":80},"end":{"line":29,"column":81}}],"line":29},"1":{"loc":{"start":{"line":30,"column":23},"end":{"line":30,"column":77}},"type":"cond-expr","locations":[{"start":{"line":30,"column":48},"end":{"line":30,"column":73}},{"start":{"line":30,"column":76},"end":{"line":30,"column":77}}],"line":30},"2":{"loc":{"start":{"line":144,"column":6},"end":{"line":148,"column":7}},"type":"if","locations":[{"start":{"line":144,"column":6},"end":{"line":148,"column":7}},{"start":{"line":146,"column":13},"end":{"line":148,"column":7}}],"line":144},"3":{"loc":{"start":{"line":146,"column":13},"end":{"line":148,"column":7}},"type":"if","locations":[{"start":{"line":146,"column":13},"end":{"line":148,"column":7}},{"start":{},"end":{}}],"line":146},"4":{"loc":{"start":{"line":196,"column":36},"end":{"line":198,"column":46}},"type":"cond-expr","locations":[{"start":{"line":197,"column":8},"end":{"line":197,"column":29}},{"start":{"line":198,"column":8},"end":{"line":198,"column":46}}],"line":196},"5":{"loc":{"start":{"line":226,"column":24},"end":{"line":228,"column":9}},"type":"cond-expr","locations":[{"start":{"line":227,"column":8},"end":{"line":227,"column":71}},{"start":{"line":228,"column":8},"end":{"line":228,"column":9}}],"line":226},"6":{"loc":{"start":{"line":262,"column":6},"end":{"line":264,"column":7}},"type":"if","locations":[{"start":{"line":262,"column":6},"end":{"line":264,"column":7}},{"start":{},"end":{}}],"line":262},"7":{"loc":{"start":{"line":290,"column":4},"end":{"line":299,"column":5}},"type":"if","locations":[{"start":{"line":290,"column":4},"end":{"line":299,"column":5}},{"start":{},"end":{}}],"line":290},"8":{"loc":{"start":{"line":291,"column":6},"end":{"line":294,"column":25}},"type":"binary-expr","locations":[{"start":{"line":291,"column":6},"end":{"line":291,"column":37}},{"start":{"line":292,"column":6},"end":{"line":292,"column":39}},{"start":{"line":293,"column":6},"end":{"line":293,"column":32}},{"start":{"line":294,"column":6},"end":{"line":294,"column":25}}],"line":291},"9":{"loc":{"start":{"line":302,"column":4},"end":{"line":309,"column":5}},"type":"if","locations":[{"start":{"line":302,"column":4},"end":{"line":309,"column":5}},{"start":{},"end":{}}],"line":302},"10":{"loc":{"start":{"line":303,"column":6},"end":{"line":306,"column":18}},"type":"binary-expr","locations":[{"start":{"line":303,"column":6},"end":{"line":303,"column":30}},{"start":{"line":304,"column":6},"end":{"line":304,"column":32}},{"start":{"line":305,"column":6},"end":{"line":305,"column":25}},{"start":{"line":306,"column":6},"end":{"line":306,"column":18}}],"line":303},"11":{"loc":{"start":{"line":312,"column":4},"end":{"line":316,"column":5}},"type":"if","locations":[{"start":{"line":312,"column":4},"end":{"line":316,"column":5}},{"start":{},"end":{}}],"line":312},"12":{"loc":{"start":{"line":312,"column":8},"end":{"line":312,"column":70}},"type":"binary-expr","locations":[{"start":{"line":312,"column":8},"end":{"line":312,"column":29}},{"start":{"line":312,"column":33},"end":{"line":312,"column":56}},{"start":{"line":312,"column":60},"end":{"line":312,"column":70}}],"line":312},"13":{"loc":{"start":{"line":343,"column":4},"end":{"line":353,"column":5}},"type":"if","locations":[{"start":{"line":343,"column":4},"end":{"line":353,"column":5}},{"start":{},"end":{}}],"line":343},"14":{"loc":{"start":{"line":344,"column":6},"end":{"line":348,"column":40}},"type":"binary-expr","locations":[{"start":{"line":344,"column":6},"end":{"line":344,"column":34}},{"start":{"line":345,"column":6},"end":{"line":345,"column":38}},{"start":{"line":346,"column":6},"end":{"line":346,"column":32}},{"start":{"line":347,"column":6},"end":{"line":347,"column":33}},{"start":{"line":348,"column":6},"end":{"line":348,"column":40}}],"line":344},"15":{"loc":{"start":{"line":356,"column":4},"end":{"line":364,"column":5}},"type":"if","locations":[{"start":{"line":356,"column":4},"end":{"line":364,"column":5}},{"start":{},"end":{}}],"line":356},"16":{"loc":{"start":{"line":357,"column":6},"end":{"line":361,"column":33}},"type":"binary-expr","locations":[{"start":{"line":357,"column":6},"end":{"line":357,"column":27}},{"start":{"line":358,"column":6},"end":{"line":358,"column":31}},{"start":{"line":359,"column":6},"end":{"line":359,"column":25}},{"start":{"line":360,"column":6},"end":{"line":360,"column":26}},{"start":{"line":361,"column":6},"end":{"line":361,"column":33}}],"line":357},"17":{"loc":{"start":{"line":367,"column":4},"end":{"line":371,"column":5}},"type":"if","locations":[{"start":{"line":367,"column":4},"end":{"line":371,"column":5}},{"start":{},"end":{}}],"line":367},"18":{"loc":{"start":{"line":367,"column":8},"end":{"line":367,"column":81}},"type":"binary-expr","locations":[{"start":{"line":367,"column":8},"end":{"line":367,"column":26}},{"start":{"line":367,"column":30},"end":{"line":367,"column":52}},{"start":{"line":367,"column":56},"end":{"line":367,"column":81}}],"line":367},"19":{"loc":{"start":{"line":374,"column":4},"end":{"line":378,"column":5}},"type":"if","locations":[{"start":{"line":374,"column":4},"end":{"line":378,"column":5}},{"start":{},"end":{}}],"line":374},"20":{"loc":{"start":{"line":374,"column":8},"end":{"line":374,"column":48}},"type":"binary-expr","locations":[{"start":{"line":374,"column":8},"end":{"line":374,"column":25}},{"start":{"line":374,"column":29},"end":{"line":374,"column":48}}],"line":374}},"s":{"0":2,"1":2,"2":2,"3":2,"4":2,"5":2,"6":2,"7":4,"8":4,"9":4,"10":4,"11":4,"12":4,"13":4,"14":4,"15":0,"16":0,"17":2,"18":0,"19":0,"20":0,"21":0,"22":0,"23":0,"24":0,"25":0,"26":0,"27":0,"28":0,"29":2,"30":4,"31":4,"32":4,"33":4,"34":4,"35":4,"36":4,"37":4,"38":6,"39":3,"40":3,"41":3,"42":4,"43":4,"44":4,"45":4,"46":4,"47":4,"48":4,"49":4,"50":4,"51":4,"52":4,"53":4,"54":4,"55":4,"56":4,"57":4,"58":4,"59":4,"60":0,"61":0,"62":4,"63":0,"64":0,"65":2,"66":6,"67":6,"68":6,"69":1,"70":5,"71":0,"72":5,"73":2,"74":3,"75":3,"76":0,"77":0,"78":2,"79":6,"80":6,"81":6,"82":1,"83":5,"84":0,"85":5,"86":0,"87":5,"88":1,"89":4,"90":4,"91":0,"92":0,"93":2},"f":{"0":4,"1":0,"2":0,"3":4,"4":6,"5":4,"6":4,"7":4,"8":4,"9":6,"10":6},"b":{"0":[3,1],"1":[3,1],"2":[3,3],"3":[3,0],"4":[3,1],"5":[3,1],"6":[0,4],"7":[1,5],"8":[6,6,5,5],"9":[0,5],"10":[5,5,5,5],"11":[2,3],"12":[5,4,4],"13":[1,5],"14":[6,6,5,5,5],"15":[0,5],"16":[5,5,5,5,5],"17":[0,5],"18":[5,5,5],"19":[1,4],"20":[5,5]},"_coverageSchema":"1a1c01bbd47fc00a2c39e90264f33305004495a9","hash":"1b0a32da38c05c19212a86b12e9a43fe7927b594"}
,"/Users/shivammishra/Desktop/Finance_Project/controllers/transactionController.js": {"path":"/Users/shivammishra/Desktop/Finance_Project/controllers/transactionController.js","statementMap":{"0":{"start":{"line":1,"column":20},"end":{"line":1,"column":52}},"1":{"start":{"line":8,"column":26},"end":{"line":32,"column":1}},"2":{"start":{"line":9,"column":2},"end":{"line":31,"column":3}},"3":{"start":{"line":10,"column":58},"end":{"line":10,"column":66}},"4":{"start":{"line":13,"column":4},"end":{"line":15,"column":5}},"5":{"start":{"line":14,"column":6},"end":{"line":14,"column":85}},"6":{"start":{"line":18,"column":24},"end":{"line":25,"column":6}},"7":{"start":{"line":27,"column":4},"end":{"line":27,"column":38}},"8":{"start":{"line":29,"column":4},"end":{"line":29,"column":62}},"9":{"start":{"line":30,"column":4},"end":{"line":30,"column":81}},"10":{"start":{"line":39,"column":24},"end":{"line":51,"column":1}},"11":{"start":{"line":40,"column":2},"end":{"line":50,"column":3}},"12":{"start":{"line":42,"column":25},"end":{"line":44,"column":25}},"13":{"start":{"line":46,"column":4},"end":{"line":46,"column":27}},"14":{"start":{"line":48,"column":4},"end":{"line":48,"column":60}},"15":{"start":{"line":49,"column":4},"end":{"line":49,"column":82}},"16":{"start":{"line":58,"column":26},"end":{"line":88,"column":1}},"17":{"start":{"line":59,"column":2},"end":{"line":87,"column":3}},"18":{"start":{"line":60,"column":58},"end":{"line":60,"column":66}},"19":{"start":{"line":63,"column":24},"end":{"line":63,"column":65}},"20":{"start":{"line":65,"column":4},"end":{"line":67,"column":5}},"21":{"start":{"line":66,"column":6},"end":{"line":66,"column":72}},"22":{"start":{"line":70,"column":4},"end":{"line":72,"column":5}},"23":{"start":{"line":71,"column":6},"end":{"line":71,"column":92}},"24":{"start":{"line":75,"column":4},"end":{"line":75,"column":60}},"25":{"start":{"line":76,"column":4},"end":{"line":76,"column":48}},"26":{"start":{"line":77,"column":4},"end":{"line":77,"column":54}},"27":{"start":{"line":78,"column":4},"end":{"line":78,"column":48}},"28":{"start":{"line":79,"column":4},"end":{"line":79,"column":96}},"29":{"start":{"line":81,"column":31},"end":{"line":81,"column":55}},"30":{"start":{"line":83,"column":4},"end":{"line":83,"column":33}},"31":{"start":{"line":85,"column":4},"end":{"line":85,"column":62}},"32":{"start":{"line":86,"column":4},"end":{"line":86,"column":81}},"33":{"start":{"line":95,"column":26},"end":{"line":116,"column":1}},"34":{"start":{"line":96,"column":2},"end":{"line":115,"column":3}},"35":{"start":{"line":98,"column":24},"end":{"line":98,"column":65}},"36":{"start":{"line":100,"column":4},"end":{"line":102,"column":5}},"37":{"start":{"line":101,"column":6},"end":{"line":101,"column":72}},"38":{"start":{"line":105,"column":4},"end":{"line":107,"column":5}},"39":{"start":{"line":106,"column":6},"end":{"line":106,"column":92}},"40":{"start":{"line":109,"column":4},"end":{"line":109,"column":55}},"41":{"start":{"line":111,"column":4},"end":{"line":111,"column":62}},"42":{"start":{"line":113,"column":4},"end":{"line":113,"column":62}},"43":{"start":{"line":114,"column":4},"end":{"line":114,"column":81}},"44":{"start":{"line":118,"column":0},"end":{"line":123,"column":2}}},"fnMap":{"0":{"name":"(anonymous_0)","decl":{"start":{"line":8,"column":26},"end":{"line":8,"column":27}},"loc":{"start":{"line":8,"column":46},"end":{"line":32,"column":1}},"line":8},"1":{"name":"(anonymous_1)","decl":{"start":{"line":39,"column":24},"end":{"line":39,"column":25}},"loc":{"start":{"line":39,"column":44},"end":{"line":51,"column":1}},"line":39},"2":{"name":"(anonymous_2)","decl":{"start":{"line":58,"column":26},"end":{"line":58,"column":27}},"loc":{"start":{"line":58,"column":46},"end":{"line":88,"column":1}},"line":58},"3":{"name":"(anonymous_3)","decl":{"start":{"line":95,"column":26},"end":{"line":95,"column":27}},"loc":{"start":{"line":95,"column":46},"end":{"line":116,"column":1}},"line":95}},"branchMap":{"0":{"loc":{"start":{"line":13,"column":4},"end":{"line":15,"column":5}},"type":"if","locations":[{"start":{"line":13,"column":4},"end":{"line":15,"column":5}},{"start":{},"end":{}}],"line":13},"1":{"loc":{"start":{"line":13,"column":8},"end":{"line":13,"column":46}},"type":"binary-expr","locations":[{"start":{"line":13,"column":8},"end":{"line":13,"column":17}},{"start":{"line":13,"column":21},"end":{"line":13,"column":26}},{"start":{"line":13,"column":30},"end":{"line":13,"column":37}},{"start":{"line":13,"column":41},"end":{"line":13,"column":46}}],"line":13},"2":{"loc":{"start":{"line":65,"column":4},"end":{"line":67,"column":5}},"type":"if","locations":[{"start":{"line":65,"column":4},"end":{"line":67,"column":5}},{"start":{},"end":{}}],"line":65},"3":{"loc":{"start":{"line":70,"column":4},"end":{"line":72,"column":5}},"type":"if","locations":[{"start":{"line":70,"column":4},"end":{"line":72,"column":5}},{"start":{},"end":{}}],"line":70},"4":{"loc":{"start":{"line":75,"column":27},"end":{"line":75,"column":59}},"type":"binary-expr","locations":[{"start":{"line":75,"column":27},"end":{"line":75,"column":35}},{"start":{"line":75,"column":39},"end":{"line":75,"column":59}}],"line":75},"5":{"loc":{"start":{"line":76,"column":23},"end":{"line":76,"column":47}},"type":"binary-expr","locations":[{"start":{"line":76,"column":23},"end":{"line":76,"column":27}},{"start":{"line":76,"column":31},"end":{"line":76,"column":47}}],"line":76},"6":{"loc":{"start":{"line":77,"column":25},"end":{"line":77,"column":53}},"type":"binary-expr","locations":[{"start":{"line":77,"column":25},"end":{"line":77,"column":31}},{"start":{"line":77,"column":35},"end":{"line":77,"column":53}}],"line":77},"7":{"loc":{"start":{"line":78,"column":23},"end":{"line":78,"column":47}},"type":"binary-expr","locations":[{"start":{"line":78,"column":23},"end":{"line":78,"column":27}},{"start":{"line":78,"column":31},"end":{"line":78,"column":47}}],"line":78},"8":{"loc":{"start":{"line":79,"column":30},"end":{"line":79,"column":95}},"type":"cond-expr","locations":[{"start":{"line":79,"column":58},"end":{"line":79,"column":69}},{"start":{"line":79,"column":72},"end":{"line":79,"column":95}}],"line":79},"9":{"loc":{"start":{"line":100,"column":4},"end":{"line":102,"column":5}},"type":"if","locations":[{"start":{"line":100,"column":4},"end":{"line":102,"column":5}},{"start":{},"end":{}}],"line":100},"10":{"loc":{"start":{"line":105,"column":4},"end":{"line":107,"column":5}},"type":"if","locations":[{"start":{"line":105,"column":4},"end":{"line":107,"column":5}},{"start":{},"end":{}}],"line":105}},"s":{"0":2,"1":2,"2":11,"3":11,"4":11,"5":1,"6":10,"7":10,"8":0,"9":0,"10":2,"11":5,"12":5,"13":5,"14":0,"15":0,"16":2,"17":3,"18":3,"19":3,"20":3,"21":1,"22":2,"23":1,"24":1,"25":1,"26":1,"27":1,"28":1,"29":1,"30":1,"31":0,"32":0,"33":2,"34":2,"35":2,"36":2,"37":0,"38":2,"39":1,"40":1,"41":1,"42":0,"43":0,"44":2},"f":{"0":11,"1":5,"2":3,"3":2},"b":{"0":[1,10],"1":[11,10,10,10],"2":[1,2],"3":[1,1],"4":[1,1],"5":[1,1],"6":[1,0],"7":[1,1],"8":[1,0],"9":[0,2],"10":[1,1]},"_coverageSchema":"1a1c01bbd47fc00a2c39e90264f33305004495a9","hash":"86ae61d5ca0c8d0c08e122ed9a049bb63db0945e"}
,"/Users/shivammishra/Desktop/Finance_Project/middleware/adminAuth.js": {"path":"/Users/shivammishra/Desktop/Finance_Project/middleware/adminAuth.js","statementMap":{"0":{"start":{"line":1,"column":13},"end":{"line":1,"column":38}},"1":{"start":{"line":2,"column":20},"end":{"line":2,"column":37}},"2":{"start":{"line":8,"column":21},"end":{"line":37,"column":1}},"3":{"start":{"line":10,"column":2},"end":{"line":36,"column":5}},"4":{"start":{"line":11,"column":4},"end":{"line":13,"column":5}},"5":{"start":{"line":12,"column":6},"end":{"line":12,"column":23}},"6":{"start":{"line":15,"column":4},"end":{"line":35,"column":5}},"7":{"start":{"line":17,"column":19},"end":{"line":17,"column":66}},"8":{"start":{"line":19,"column":6},"end":{"line":21,"column":7}},"9":{"start":{"line":20,"column":8},"end":{"line":20,"column":67}},"10":{"start":{"line":24,"column":6},"end":{"line":26,"column":7}},"11":{"start":{"line":25,"column":8},"end":{"line":25,"column":85}},"12":{"start":{"line":29,"column":6},"end":{"line":29,"column":31}},"13":{"start":{"line":31,"column":6},"end":{"line":31,"column":13}},"14":{"start":{"line":33,"column":6},"end":{"line":33,"column":65}},"15":{"start":{"line":34,"column":6},"end":{"line":34,"column":90}},"16":{"start":{"line":39,"column":0},"end":{"line":39,"column":34}}},"fnMap":{"0":{"name":"(anonymous_0)","decl":{"start":{"line":8,"column":21},"end":{"line":8,"column":22}},"loc":{"start":{"line":8,"column":47},"end":{"line":37,"column":1}},"line":8},"1":{"name":"(anonymous_1)","decl":{"start":{"line":10,"column":20},"end":{"line":10,"column":21}},"loc":{"start":{"line":10,"column":35},"end":{"line":36,"column":3}},"line":10}},"branchMap":{"0":{"loc":{"start":{"line":11,"column":4},"end":{"line":13,"column":5}},"type":"if","locations":[{"start":{"line":11,"column":4},"end":{"line":13,"column":5}},{"start":{},"end":{}}],"line":11},"1":{"loc":{"start":{"line":19,"column":6},"end":{"line":21,"column":7}},"type":"if","locations":[{"start":{"line":19,"column":6},"end":{"line":21,"column":7}},{"start":{},"end":{}}],"line":19},"2":{"loc":{"start":{"line":24,"column":6},"end":{"line":26,"column":7}},"type":"if","locations":[{"start":{"line":24,"column":6},"end":{"line":26,"column":7}},{"start":{},"end":{}}],"line":24}},"s":{"0":1,"1":1,"2":1,"3":29,"4":29,"5":0,"6":29,"7":29,"8":29,"9":0,"10":29,"11":6,"12":23,"13":23,"14":0,"15":0,"16":1},"f":{"0":29,"1":29},"b":{"0":[0,29],"1":[0,29],"2":[6,23]},"_coverageSchema":"1a1c01bbd47fc00a2c39e90264f33305004495a9","hash":"ff9aeabba65c18d816f678e808aa4002ef090fa1"}
,"/Users/shivammishra/Desktop/Finance_Project/middleware/auth.js": {"path":"/Users/shivammishra/Desktop/Finance_Project/middleware/auth.js","statementMap":{"0":{"start":{"line":1,"column":12},"end":{"line":1,"column":35}},"1":{"start":{"line":3,"column":16},"end":{"line":28,"column":1}},"2":{"start":{"line":7,"column":2},"end":{"line":23,"column":3}},"3":{"start":{"line":8,"column":4},"end":{"line":22,"column":5}},"4":{"start":{"line":10,"column":6},"end":{"line":10,"column":54}},"5":{"start":{"line":13,"column":22},"end":{"line":13,"column":63}},"6":{"start":{"line":16,"column":6},"end":{"line":16,"column":36}},"7":{"start":{"line":18,"column":6},"end":{"line":18,"column":13}},"8":{"start":{"line":20,"column":6},"end":{"line":20,"column":65}},"9":{"start":{"line":21,"column":6},"end":{"line":21,"column":79}},"10":{"start":{"line":25,"column":2},"end":{"line":27,"column":3}},"11":{"start":{"line":26,"column":4},"end":{"line":26,"column":73}},"12":{"start":{"line":30,"column":0},"end":{"line":30,"column":29}}},"fnMap":{"0":{"name":"(anonymous_0)","decl":{"start":{"line":3,"column":16},"end":{"line":3,"column":17}},"loc":{"start":{"line":3,"column":42},"end":{"line":28,"column":1}},"line":3}},"branchMap":{"0":{"loc":{"start":{"line":7,"column":2},"end":{"line":23,"column":3}},"type":"if","locations":[{"start":{"line":7,"column":2},"end":{"line":23,"column":3}},{"start":{},"end":{}}],"line":7},"1":{"loc":{"start":{"line":7,"column":6},"end":{"line":7,"column":81}},"type":"binary-expr","locations":[{"start":{"line":7,"column":6},"end":{"line":7,"column":31}},{"start":{"line":7,"column":35},"end":{"line":7,"column":81}}],"line":7},"2":{"loc":{"start":{"line":25,"column":2},"end":{"line":27,"column":3}},"type":"if","locations":[{"start":{"line":25,"column":2},"end":{"line":27,"column":3}},{"start":{},"end":{}}],"line":25}},"s":{"0":4,"1":4,"2":160,"3":137,"4":137,"5":137,"6":134,"7":134,"8":3,"9":3,"10":157,"11":23,"12":4},"f":{"0":160},"b":{"0":[137,23],"1":[160,138],"2":[23,134]},"_coverageSchema":"1a1c01bbd47fc00a2c39e90264f33305004495a9","hash":"ad93fa9e20820d91e6528f30f8c071328a687a4b"}
,"/Users/shivammishra/Desktop/Finance_Project/routes/admin.routes.js": {"path":"/Users/shivammishra/Desktop/Finance_Project/routes/admin.routes.js","statementMap":{"0":{"start":{"line":1,"column":16},"end":{"line":1,"column":34}},"1":{"start":{"line":2,"column":25},"end":{"line":2,"column":59}},"2":{"start":{"line":12,"column":4},"end":{"line":12,"column":45}},"3":{"start":{"line":14,"column":15},"end":{"line":14,"column":31}},"4":{"start":{"line":21,"column":0},"end":{"line":21,"column":46}},"5":{"start":{"line":26,"column":0},"end":{"line":26,"column":43}},"6":{"start":{"line":31,"column":0},"end":{"line":31,"column":49}},"7":{"start":{"line":36,"column":0},"end":{"line":36,"column":52}},"8":{"start":{"line":43,"column":0},"end":{"line":43,"column":50}},"9":{"start":{"line":48,"column":0},"end":{"line":48,"column":54}},"10":{"start":{"line":53,"column":0},"end":{"line":53,"column":53}},"11":{"start":{"line":58,"column":0},"end":{"line":58,"column":56}},"12":{"start":{"line":60,"column":0},"end":{"line":60,"column":24}}},"fnMap":{},"branchMap":{},"s":{"0":1,"1":1,"2":1,"3":1,"4":1,"5":1,"6":1,"7":1,"8":1,"9":1,"10":1,"11":1,"12":1},"f":{},"b":{},"_coverageSchema":"1a1c01bbd47fc00a2c39e90264f33305004495a9","hash":"3b8cc1b603fbfc183da9d5e1f23e35061a0e9e9e"}
,"/Users/shivammishra/Desktop/Finance_Project/routes/asset.routes.js": {"path":"/Users/shivammishra/Desktop/Finance_Project/routes/asset.routes.js","statementMap":{"0":{"start":{"line":1,"column":16},"end":{"line":1,"column":34}},"1":{"start":{"line":2,"column":20},"end":{"line":2,"column":49}},"2":{"start":{"line":8,"column":4},"end":{"line":8,"column":45}},"3":{"start":{"line":10,"column":15},"end":{"line":10,"column":31}},"4":{"start":{"line":15,"column":0},"end":{"line":15,"column":39}},"5":{"start":{"line":20,"column":0},"end":{"line":20,"column":36}},"6":{"start":{"line":25,"column":0},"end":{"line":25,"column":41}},"7":{"start":{"line":30,"column":0},"end":{"line":30,"column":44}},"8":{"start":{"line":32,"column":0},"end":{"line":32,"column":24}}},"fnMap":{},"branchMap":{},"s":{"0":2,"1":2,"2":2,"3":2,"4":2,"5":2,"6":2,"7":2,"8":2},"f":{},"b":{},"_coverageSchema":"1a1c01bbd47fc00a2c39e90264f33305004495a9","hash":"0401c2fc23299a565be89c60fa322a122f6f3841"}
,"/Users/shivammishra/Desktop/Finance_Project/routes/auth.routes.js": {"path":"/Users/shivammishra/Desktop/Finance_Project/routes/auth.routes.js","statementMap":{"0":{"start":{"line":1,"column":16},"end":{"line":1,"column":34}},"1":{"start":{"line":2,"column":20},"end":{"line":2,"column":49}},"2":{"start":{"line":8,"column":4},"end":{"line":8,"column":44}},"3":{"start":{"line":10,"column":15},"end":{"line":10,"column":31}},"4":{"start":{"line":15,"column":0},"end":{"line":15,"column":39}},"5":{"start":{"line":20,"column":0},"end":{"line":20,"column":33}},"6":{"start":{"line":25,"column":0},"end":{"line":25,"column":43}},"7":{"start":{"line":30,"column":0},"end":{"line":30,"column":39}},"8":{"start":{"line":32,"column":0},"end":{"line":32,"column":24}}},"fnMap":{},"branchMap":{},"s":{"0":4,"1":4,"2":4,"3":4,"4":4,"5":4,"6":4,"7":4,"8":4},"f":{},"b":{},"_coverageSchema":"1a1c01bbd47fc00a2c39e90264f33305004495a9","hash":"d7e1bcd1467b23c53755ace7206c8573c5b22e53"}
,"/Users/shivammishra/Desktop/Finance_Project/routes/budget.routes.js": {"path":"/Users/shivammishra/Desktop/Finance_Project/routes/budget.routes.js","statementMap":{"0":{"start":{"line":1,"column":16},"end":{"line":1,"column":34}},"1":{"start":{"line":2,"column":20},"end":{"line":2,"column":49}},"2":{"start":{"line":8,"column":4},"end":{"line":8,"column":46}},"3":{"start":{"line":10,"column":15},"end":{"line":10,"column":31}},"4":{"start":{"line":15,"column":0},"end":{"line":15,"column":40}},"5":{"start":{"line":20,"column":0},"end":{"line":20,"column":37}},"6":{"start":{"line":25,"column":0},"end":{"line":25,"column":42}},"7":{"start":{"line":30,"column":0},"end":{"line":30,"column":45}},"8":{"start":{"line":32,"column":0},"end":{"line":32,"column":24}}},"fnMap":{},"branchMap":{},"s":{"0":2,"1":2,"2":2,"3":2,"4":2,"5":2,"6":2,"7":2,"8":2},"f":{},"b":{},"_coverageSchema":"1a1c01bbd47fc00a2c39e90264f33305004495a9","hash":"d7866416ed7873344cc1834c18b83d194324c123"}
,"/Users/shivammishra/Desktop/Finance_Project/routes/debt.routes.js": {"path":"/Users/shivammishra/Desktop/Finance_Project/routes/debt.routes.js","statementMap":{"0":{"start":{"line":1,"column":16},"end":{"line":1,"column":34}},"1":{"start":{"line":2,"column":20},"end":{"line":2,"column":49}},"2":{"start":{"line":8,"column":4},"end":{"line":8,"column":44}},"3":{"start":{"line":10,"column":15},"end":{"line":10,"column":31}},"4":{"start":{"line":15,"column":0},"end":{"line":15,"column":38}},"5":{"start":{"line":20,"column":0},"end":{"line":20,"column":35}},"6":{"start":{"line":25,"column":0},"end":{"line":25,"column":40}},"7":{"start":{"line":30,"column":0},"end":{"line":30,"column":43}},"8":{"start":{"line":32,"column":0},"end":{"line":32,"column":24}}},"fnMap":{},"branchMap":{},"s":{"0":2,"1":2,"2":2,"3":2,"4":2,"5":2,"6":2,"7":2,"8":2},"f":{},"b":{},"_coverageSchema":"1a1c01bbd47fc00a2c39e90264f33305004495a9","hash":"332630c44e8a534b6b1815de5a0f41b822b15d4a"}
,"/Users/shivammishra/Desktop/Finance_Project/routes/quizzes.routes.js": {"path":"/Users/shivammishra/Desktop/Finance_Project/routes/quizzes.routes.js","statementMap":{"0":{"start":{"line":1,"column":16},"end":{"line":1,"column":34}},"1":{"start":{"line":2,"column":20},"end":{"line":2,"column":49}},"2":{"start":{"line":6,"column":4},"end":{"line":6,"column":44}},"3":{"start":{"line":8,"column":15},"end":{"line":8,"column":31}},"4":{"start":{"line":13,"column":0},"end":{"line":13,"column":41}},"5":{"start":{"line":18,"column":0},"end":{"line":18,"column":44}},"6":{"start":{"line":20,"column":0},"end":{"line":20,"column":24}}},"fnMap":{},"branchMap":{},"s":{"0":1,"1":1,"2":1,"3":1,"4":1,"5":1,"6":1},"f":{},"b":{},"_coverageSchema":"1a1c01bbd47fc00a2c39e90264f33305004495a9","hash":"1a4d2d09e33edb33164515327442fe6ea0154a12"}
,"/Users/shivammishra/Desktop/Finance_Project/routes/reports.routes.js": {"path":"/Users/shivammishra/Desktop/Finance_Project/routes/reports.routes.js","statementMap":{"0":{"start":{"line":1,"column":16},"end":{"line":1,"column":34}},"1":{"start":{"line":2,"column":20},"end":{"line":2,"column":49}},"2":{"start":{"line":9,"column":4},"end":{"line":9,"column":46}},"3":{"start":{"line":11,"column":15},"end":{"line":11,"column":31}},"4":{"start":{"line":16,"column":0},"end":{"line":16,"column":46}},"5":{"start":{"line":21,"column":0},"end":{"line":21,"column":65}},"6":{"start":{"line":26,"column":0},"end":{"line":26,"column":51}},"7":{"start":{"line":31,"column":0},"end":{"line":31,"column":73}},"8":{"start":{"line":36,"column":0},"end":{"line":36,"column":73}},"9":{"start":{"line":38,"column":0},"end":{"line":38,"column":24}}},"fnMap":{},"branchMap":{},"s":{"0":2,"1":2,"2":2,"3":2,"4":2,"5":2,"6":2,"7":2,"8":2,"9":2},"f":{},"b":{},"_coverageSchema":"1a1c01bbd47fc00a2c39e90264f33305004495a9","hash":"9c98c1fc7c579d6be8463256b8d407db65a1c939"}
,"/Users/shivammishra/Desktop/Finance_Project/routes/transactions.routes.js": {"path":"/Users/shivammishra/Desktop/Finance_Project/routes/transactions.routes.js","statementMap":{"0":{"start":{"line":1,"column":16},"end":{"line":1,"column":34}},"1":{"start":{"line":2,"column":20},"end":{"line":2,"column":49}},"2":{"start":{"line":8,"column":4},"end":{"line":8,"column":51}},"3":{"start":{"line":10,"column":15},"end":{"line":10,"column":31}},"4":{"start":{"line":15,"column":0},"end":{"line":15,"column":45}},"5":{"start":{"line":20,"column":0},"end":{"line":20,"column":42}},"6":{"start":{"line":25,"column":0},"end":{"line":25,"column":47}},"7":{"start":{"line":30,"column":0},"end":{"line":30,"column":50}},"8":{"start":{"line":32,"column":0},"end":{"line":32,"column":24}}},"fnMap":{},"branchMap":{},"s":{"0":2,"1":2,"2":2,"3":2,"4":2,"5":2,"6":2,"7":2,"8":2},"f":{},"b":{},"_coverageSchema":"1a1c01bbd47fc00a2c39e90264f33305004495a9","hash":"1653c89f5c1f1ab2008745a054e6456fb5992248"}
,"/Users/shivammishra/Desktop/Finance_Project/utils/financialCalculations.js": {"path":"/Users/shivammishra/Desktop/Finance_Project/utils/financialCalculations.js","statementMap":{"0":{"start":{"line":13,"column":34},"end":{"line":50,"column":1}},"1":{"start":{"line":14,"column":22},"end":{"line":14,"column":45}},"2":{"start":{"line":15,"column":28},"end":{"line":15,"column":30}},"3":{"start":{"line":17,"column":21},"end":{"line":17,"column":38}},"4":{"start":{"line":18,"column":27},"end":{"line":18,"column":44}},"5":{"start":{"line":20,"column":2},"end":{"line":38,"column":3}},"6":{"start":{"line":20,"column":18},"end":{"line":20,"column":19}},"7":{"start":{"line":22,"column":4},"end":{"line":29,"column":5}},"8":{"start":{"line":22,"column":21},"end":{"line":22,"column":22}},"9":{"start":{"line":24,"column":6},"end":{"line":24,"column":42}},"10":{"start":{"line":25,"column":6},"end":{"line":25,"column":48}},"11":{"start":{"line":28,"column":6},"end":{"line":28,"column":40}},"12":{"start":{"line":32,"column":4},"end":{"line":37,"column":7}},"13":{"start":{"line":40,"column":2},"end":{"line":49,"column":4}},"14":{"start":{"line":61,"column":39},"end":{"line":111,"column":1}},"15":{"start":{"line":62,"column":22},"end":{"line":62,"column":40}},"16":{"start":{"line":63,"column":20},"end":{"line":63,"column":39}},"17":{"start":{"line":67,"column":19},"end":{"line":67,"column":58}},"18":{"start":{"line":69,"column":28},"end":{"line":69,"column":30}},"19":{"start":{"line":71,"column":21},"end":{"line":71,"column":35}},"20":{"start":{"line":72,"column":31},"end":{"line":72,"column":45}},"21":{"start":{"line":73,"column":27},"end":{"line":73,"column":41}},"22":{"start":{"line":75,"column":2},"end":{"line":95,"column":3}},"23":{"start":{"line":75,"column":18},"end":{"line":75,"column":19}},"24":{"start":{"line":77,"column":4},"end":{"line":77,"column":39}},"25":{"start":{"line":78,"column":4},"end":{"line":78,"column":45}},"26":{"start":{"line":81,"column":4},"end":{"line":81,"column":38}},"27":{"start":{"line":84,"column":4},"end":{"line":84,"column":49}},"28":{"start":{"line":85,"column":4},"end":{"line":85,"column":45}},"29":{"start":{"line":88,"column":4},"end":{"line":94,"column":7}},"30":{"start":{"line":97,"column":2},"end":{"line":110,"column":4}},"31":{"start":{"line":113,"column":0},"end":{"line":116,"column":2}}},"fnMap":{"0":{"name":"(anonymous_0)","decl":{"start":{"line":13,"column":34},"end":{"line":13,"column":35}},"loc":{"start":{"line":13,"column":99},"end":{"line":50,"column":1}},"line":13},"1":{"name":"(anonymous_1)","decl":{"start":{"line":61,"column":39},"end":{"line":61,"column":40}},"loc":{"start":{"line":61,"column":130},"end":{"line":111,"column":1}},"line":61}},"branchMap":{},"s":{"0":2,"1":9,"2":9,"3":9,"4":9,"5":9,"6":9,"7":95,"8":95,"9":1140,"10":1140,"11":1140,"12":95,"13":9,"14":2,"15":8,"16":8,"17":8,"18":8,"19":8,"20":8,"21":8,"22":8,"23":8,"24":150,"25":150,"26":150,"27":150,"28":150,"29":150,"30":8,"31":2},"f":{"0":9,"1":8},"b":{},"_coverageSchema":"1a1c01bbd47fc00a2c39e90264f33305004495a9","hash":"3ecd94d4fe9e0ea1953bf38c61de450d51b3e210"}
,"/Users/shivammishra/Desktop/Finance_Project/utils/geminiAI.js": {"path":"/Users/shivammishra/Desktop/Finance_Project/utils/geminiAI.js","statementMap":{"0":{"start":{"line":1,"column":31},"end":{"line":1,"column":63}},"1":{"start":{"line":8,"column":32},"end":{"line":49,"column":1}},"2":{"start":{"line":10,"column":16},"end":{"line":10,"column":66}},"3":{"start":{"line":13,"column":16},"end":{"line":13,"column":71}},"4":{"start":{"line":16,"column":17},"end":{"line":36,"column":150}},"5":{"start":{"line":38,"column":2},"end":{"line":48,"column":3}},"6":{"start":{"line":40,"column":19},"end":{"line":40,"column":54}},"7":{"start":{"line":41,"column":21},"end":{"line":41,"column":42}},"8":{"start":{"line":42,"column":17},"end":{"line":42,"column":32}},"9":{"start":{"line":44,"column":4},"end":{"line":44,"column":23}},"10":{"start":{"line":46,"column":4},"end":{"line":46,"column":53}},"11":{"start":{"line":47,"column":4},"end":{"line":47,"column":61}},"12":{"start":{"line":51,"column":0},"end":{"line":53,"column":2}}},"fnMap":{"0":{"name":"(anonymous_0)","decl":{"start":{"line":8,"column":32},"end":{"line":8,"column":33}},"loc":{"start":{"line":8,"column":57},"end":{"line":49,"column":1}},"line":8}},"branchMap":{"0":{"loc":{"start":{"line":28,"column":19},"end":{"line":28,"column":51}},"type":"binary-expr","locations":[{"start":{"line":28,"column":19},"end":{"line":28,"column":46}},{"start":{"line":28,"column":50},"end":{"line":28,"column":51}}],"line":28},"1":{"loc":{"start":{"line":29,"column":21},"end":{"line":29,"column":55}},"type":"binary-expr","locations":[{"start":{"line":29,"column":21},"end":{"line":29,"column":50}},{"start":{"line":29,"column":54},"end":{"line":29,"column":55}}],"line":29},"2":{"loc":{"start":{"line":30,"column":18},"end":{"line":30,"column":48}},"type":"binary-expr","locations":[{"start":{"line":30,"column":18},"end":{"line":30,"column":43}},{"start":{"line":30,"column":47},"end":{"line":30,"column":48}}],"line":30},"3":{"loc":{"start":{"line":31,"column":31},"end":{"line":31,"column":85}},"type":"binary-expr","locations":[{"start":{"line":31,"column":31},"end":{"line":31,"column":76}},{"start":{"line":31,"column":80},"end":{"line":31,"column":85}}],"line":31},"4":{"loc":{"start":{"line":31,"column":91},"end":{"line":31,"column":143}},"type":"binary-expr","locations":[{"start":{"line":31,"column":91},"end":{"line":31,"column":138}},{"start":{"line":31,"column":142},"end":{"line":31,"column":143}}],"line":31},"5":{"loc":{"start":{"line":32,"column":25},"end":{"line":32,"column":62}},"type":"binary-expr","locations":[{"start":{"line":32,"column":25},"end":{"line":32,"column":57}},{"start":{"line":32,"column":61},"end":{"line":32,"column":62}}],"line":32},"6":{"loc":{"start":{"line":33,"column":26},"end":{"line":33,"column":64}},"type":"binary-expr","locations":[{"start":{"line":33,"column":26},"end":{"line":33,"column":59}},{"start":{"line":33,"column":63},"end":{"line":33,"column":64}}],"line":33},"7":{"loc":{"start":{"line":34,"column":16},"end":{"line":34,"column":43}},"type":"binary-expr","locations":[{"start":{"line":34,"column":16},"end":{"line":34,"column":38}},{"start":{"line":34,"column":42},"end":{"line":34,"column":43}}],"line":34}},"s":{"0":2,"1":2,"2":0,"3":0,"4":0,"5":0,"6":0,"7":0,"8":0,"9":0,"10":0,"11":0,"12":2},"f":{"0":0},"b":{"0":[0,0],"1":[0,0],"2":[0,0],"3":[0,0],"4":[0,0],"5":[0,0],"6":[0,0],"7":[0,0]},"_coverageSchema":"1a1c01bbd47fc00a2c39e90264f33305004495a9","hash":"e28c462acc3c71e070761bd9d14d7da6c5f62e22"}
}
