TN:
SF:controllers/adminController.js
FN:11,(anonymous_0)
FN:41,(anonymous_1)
FN:59,(anonymous_2)
FN:90,(anonymous_3)
FN:115,(anonymous_4)
FN:159,(anonymous_5)
FN:183,(anonymous_6)
FN:235,(anonymous_7)
FNF:8
FNH:8
FNDA:4,(anonymous_0)
FNDA:3,(anonymous_1)
FNDA:2,(anonymous_2)
FNDA:2,(anonymous_3)
FNDA:5,(anonymous_4)
FNDA:3,(anonymous_5)
FNDA:2,(anonymous_6)
FNDA:2,(anonymous_7)
DA:1,1
DA:2,1
DA:11,1
DA:12,4
DA:13,4
DA:16,4
DA:17,1
DA:21,3
DA:29,3
DA:31,0
DA:32,0
DA:41,1
DA:42,3
DA:43,3
DA:47,3
DA:49,0
DA:50,0
DA:59,1
DA:60,2
DA:61,2
DA:64,2
DA:66,2
DA:67,1
DA:71,1
DA:72,1
DA:73,1
DA:74,1
DA:76,1
DA:78,1
DA:80,0
DA:81,0
DA:90,1
DA:91,2
DA:93,2
DA:95,2
DA:96,1
DA:99,1
DA:101,1
DA:103,0
DA:104,0
DA:115,1
DA:116,5
DA:117,5
DA:120,5
DA:121,1
DA:127,4
DA:128,1
DA:134,3
DA:135,1
DA:140,2
DA:147,2
DA:149,0
DA:150,0
DA:159,1
DA:160,3
DA:161,3
DA:164,3
DA:165,3
DA:166,0
DA:169,3
DA:171,3
DA:173,0
DA:174,0
DA:183,1
DA:184,2
DA:185,2
DA:188,2
DA:190,2
DA:191,1
DA:195,1
DA:196,0
DA:197,0
DA:204,1
DA:207,1
DA:208,1
DA:209,0
DA:216,1
DA:217,1
DA:218,1
DA:219,1
DA:221,1
DA:223,1
DA:225,0
DA:226,0
DA:235,1
DA:236,2
DA:238,2
DA:240,2
DA:241,1
DA:244,1
DA:246,1
DA:248,0
DA:249,0
DA:253,1
LF:94
LH:74
BRDA:16,0,0,1
BRDA:16,0,1,3
BRDA:16,1,0,4
BRDA:16,1,1,4
BRDA:16,1,2,3
BRDA:26,2,0,1
BRDA:26,2,1,2
BRDA:66,3,0,1
BRDA:66,3,1,1
BRDA:71,4,0,1
BRDA:71,4,1,0
BRDA:72,5,0,1
BRDA:72,5,1,0
BRDA:73,6,0,1
BRDA:73,6,1,1
BRDA:74,7,0,1
BRDA:74,7,1,0
BRDA:95,8,0,1
BRDA:95,8,1,1
BRDA:120,9,0,1
BRDA:120,9,1,4
BRDA:120,10,0,5
BRDA:120,10,1,5
BRDA:120,10,2,4
BRDA:120,10,3,4
BRDA:127,11,0,1
BRDA:127,11,1,3
BRDA:127,12,0,4
BRDA:127,12,1,4
BRDA:134,13,0,1
BRDA:134,13,1,2
BRDA:134,14,0,3
BRDA:134,14,1,3
BRDA:165,15,0,0
BRDA:165,15,1,3
BRDA:190,16,0,1
BRDA:190,16,1,1
BRDA:195,17,0,0
BRDA:195,17,1,1
BRDA:196,18,0,0
BRDA:196,18,1,0
BRDA:196,19,0,0
BRDA:196,19,1,0
BRDA:204,20,0,1
BRDA:204,20,1,1
BRDA:207,21,0,1
BRDA:207,21,1,0
BRDA:208,22,0,0
BRDA:208,22,1,1
BRDA:208,23,0,1
BRDA:208,23,1,1
BRDA:216,24,0,1
BRDA:216,24,1,0
BRDA:217,25,0,1
BRDA:217,25,1,1
BRDA:218,26,0,1
BRDA:218,26,1,0
BRDA:219,27,0,1
BRDA:219,27,1,1
BRDA:240,28,0,1
BRDA:240,28,1,1
BRF:61
BRH:48
end_of_record
TN:
SF:controllers/assetController.js
FN:8,(anonymous_0)
FN:41,(anonymous_1)
FN:60,(anonymous_2)
FN:103,(anonymous_3)
FNF:4
FNH:4
FNDA:10,(anonymous_0)
FNDA:4,(anonymous_1)
FNDA:2,(anonymous_2)
FNDA:2,(anonymous_3)
DA:1,2
DA:8,2
DA:9,10
DA:10,10
DA:13,10
DA:14,1
DA:18,9
DA:29,9
DA:31,0
DA:32,0
DA:41,2
DA:42,4
DA:44,4
DA:48,4
DA:50,0
DA:51,0
DA:60,2
DA:61,2
DA:62,2
DA:65,2
DA:67,2
DA:68,0
DA:72,2
DA:73,1
DA:77,1
DA:78,1
DA:81,1
DA:82,1
DA:86,1
DA:89,1
DA:91,1
DA:93,0
DA:94,0
DA:103,2
DA:104,2
DA:106,2
DA:108,2
DA:109,0
DA:113,2
DA:114,1
DA:117,1
DA:119,1
DA:121,0
DA:122,0
DA:126,2
LF:45
LH:35
BRDA:13,0,0,1
BRDA:13,0,1,9
BRDA:13,1,0,10
BRDA:13,1,1,9
BRDA:13,1,2,9
BRDA:67,2,0,0
BRDA:67,2,1,2
BRDA:72,3,0,1
BRDA:72,3,1,1
BRDA:77,4,0,1
BRDA:77,4,1,1
BRDA:78,5,0,1
BRDA:78,5,1,0
BRDA:81,6,0,1
BRDA:81,6,1,0
BRDA:81,7,0,1
BRDA:81,7,1,1
BRDA:108,8,0,0
BRDA:108,8,1,2
BRDA:113,9,0,1
BRDA:113,9,1,1
BRF:21
BRH:17
end_of_record
TN:
SF:controllers/authController.js
FN:10,(anonymous_0)
FN:21,(anonymous_1)
FN:66,(anonymous_2)
FN:106,(anonymous_3)
FN:127,(anonymous_4)
FNF:5
FNH:4
FNDA:227,(anonymous_0)
FNDA:187,(anonymous_1)
FNDA:45,(anonymous_2)
FNDA:1,(anonymous_3)
FNDA:0,(anonymous_4)
DA:1,4
DA:2,4
DA:3,4
DA:10,4
DA:11,227
DA:21,4
DA:22,187
DA:23,187
DA:26,187
DA:27,1
DA:31,186
DA:32,186
DA:33,1
DA:37,185
DA:43,185
DA:45,185
DA:53,0
DA:56,0
DA:57,0
DA:66,4
DA:67,45
DA:68,45
DA:71,45
DA:72,1
DA:76,44
DA:77,44
DA:78,1
DA:82,43
DA:83,43
DA:84,1
DA:88,42
DA:96,0
DA:97,0
DA:106,4
DA:107,1
DA:109,1
DA:111,1
DA:112,0
DA:115,1
DA:117,0
DA:118,0
DA:127,4
DA:128,0
DA:129,0
DA:132,0
DA:134,0
DA:135,0
DA:139,0
DA:140,0
DA:144,0
DA:145,0
DA:146,0
DA:147,0
DA:149,0
DA:153,0
DA:154,0
DA:157,0
DA:158,0
DA:161,0
DA:164,0
DA:172,0
DA:173,0
DA:177,4
LF:63
LH:35
BRDA:26,0,0,1
BRDA:26,0,1,186
BRDA:26,1,0,187
BRDA:26,1,1,187
BRDA:26,1,2,186
BRDA:32,2,0,1
BRDA:32,2,1,185
BRDA:43,3,0,185
BRDA:43,3,1,0
BRDA:71,4,0,1
BRDA:71,4,1,44
BRDA:71,5,0,45
BRDA:71,5,1,44
BRDA:77,6,0,1
BRDA:77,6,1,43
BRDA:83,7,0,1
BRDA:83,7,1,42
BRDA:111,8,0,0
BRDA:111,8,1,1
BRDA:134,9,0,0
BRDA:134,9,1,0
BRDA:139,10,0,0
BRDA:139,10,1,0
BRDA:144,11,0,0
BRDA:144,11,1,0
BRDA:144,12,0,0
BRDA:144,12,1,0
BRDA:146,13,0,0
BRDA:146,13,1,0
BRDA:153,14,0,0
BRDA:153,14,1,0
BRDA:154,15,0,0
BRDA:154,15,1,0
BRDA:157,16,0,0
BRDA:157,16,1,0
BRF:35
BRH:17
end_of_record
TN:
SF:controllers/budgetController.js
FN:8,(anonymous_0)
FN:51,(anonymous_1)
FN:70,(anonymous_2)
FN:109,(anonymous_3)
FNF:4
FNH:4
FNDA:10,(anonymous_0)
FNDA:4,(anonymous_1)
FNDA:2,(anonymous_2)
FNDA:2,(anonymous_3)
DA:1,2
DA:8,2
DA:9,10
DA:10,10
DA:13,10
DA:14,1
DA:18,9
DA:21,9
DA:27,9
DA:28,0
DA:32,9
DA:39,9
DA:41,0
DA:42,0
DA:51,2
DA:52,4
DA:54,4
DA:58,4
DA:60,0
DA:61,0
DA:70,2
DA:71,2
DA:72,2
DA:75,2
DA:77,2
DA:78,0
DA:82,2
DA:83,1
DA:87,1
DA:88,1
DA:91,1
DA:92,0
DA:95,1
DA:97,1
DA:99,0
DA:100,0
DA:109,2
DA:110,2
DA:112,2
DA:114,2
DA:115,0
DA:119,2
DA:120,1
DA:123,1
DA:125,1
DA:127,0
DA:128,0
DA:132,2
LF:48
LH:36
BRDA:13,0,0,1
BRDA:13,0,1,9
BRDA:13,1,0,10
BRDA:13,1,1,9
BRDA:13,1,2,9
BRDA:13,1,3,9
BRDA:27,2,0,0
BRDA:27,2,1,9
BRDA:77,3,0,0
BRDA:77,3,1,2
BRDA:82,4,0,1
BRDA:82,4,1,1
BRDA:87,5,0,1
BRDA:87,5,1,1
BRDA:88,6,0,1
BRDA:88,6,1,0
BRDA:91,7,0,0
BRDA:91,7,1,1
BRDA:91,8,0,1
BRDA:91,8,1,0
BRDA:114,9,0,0
BRDA:114,9,1,2
BRDA:119,10,0,1
BRDA:119,10,1,1
BRF:24
BRH:18
end_of_record
TN:
SF:controllers/debtController.js
FN:8,(anonymous_0)
FN:41,(anonymous_1)
FN:60,(anonymous_2)
FN:99,(anonymous_3)
FNF:4
FNH:4
FNDA:10,(anonymous_0)
FNDA:4,(anonymous_1)
FNDA:2,(anonymous_2)
FNDA:2,(anonymous_3)
DA:1,2
DA:8,2
DA:9,10
DA:10,10
DA:13,10
DA:14,1
DA:18,9
DA:29,9
DA:31,0
DA:32,0
DA:41,2
DA:42,4
DA:44,4
DA:48,4
DA:50,0
DA:51,0
DA:60,2
DA:61,2
DA:62,2
DA:65,2
DA:67,2
DA:68,0
DA:72,2
DA:73,1
DA:77,1
DA:78,1
DA:79,1
DA:80,1
DA:81,1
DA:82,1
DA:83,1
DA:85,1
DA:87,1
DA:89,0
DA:90,0
DA:99,2
DA:100,2
DA:102,2
DA:104,2
DA:105,0
DA:109,2
DA:110,1
DA:113,1
DA:115,1
DA:117,0
DA:118,0
DA:122,2
LF:47
LH:37
BRDA:13,0,0,1
BRDA:13,0,1,9
BRDA:13,1,0,10
BRDA:13,1,1,9
BRDA:13,1,2,9
BRDA:13,1,3,9
BRDA:13,1,4,9
BRDA:67,2,0,0
BRDA:67,2,1,2
BRDA:72,3,0,1
BRDA:72,3,1,1
BRDA:77,4,0,1
BRDA:77,4,1,1
BRDA:78,5,0,1
BRDA:78,5,1,0
BRDA:79,6,0,0
BRDA:79,6,1,1
BRDA:80,7,0,1
BRDA:80,7,1,0
BRDA:81,8,0,0
BRDA:81,8,1,1
BRDA:82,9,0,0
BRDA:82,9,1,1
BRDA:83,10,0,0
BRDA:83,10,1,1
BRDA:104,11,0,0
BRDA:104,11,1,2
BRDA:109,12,0,1
BRDA:109,12,1,1
BRF:29
BRH:21
end_of_record
TN:
SF:controllers/quizController.js
FN:8,(anonymous_0)
FN:52,(anonymous_1)
FN:62,(anonymous_2)
FN:69,(anonymous_3)
FN:75,(anonymous_4)
FNF:5
FNH:5
FNDA:1,(anonymous_0)
FNDA:8,(anonymous_1)
FNDA:18,(anonymous_2)
FNDA:17,(anonymous_3)
FNDA:18,(anonymous_4)
DA:1,1
DA:8,1
DA:9,1
DA:10,1
DA:13,1
DA:14,1
DA:15,0
DA:19,1
DA:33,1
DA:34,0
DA:37,1
DA:42,0
DA:43,0
DA:52,1
DA:53,8
DA:54,8
DA:57,8
DA:58,2
DA:62,18
DA:65,6
DA:68,6
DA:69,6
DA:70,17
DA:74,6
DA:75,6
DA:76,18
DA:77,18
DA:78,1
DA:84,17
DA:85,17
DA:87,17
DA:98,6
DA:99,6
DA:101,6
DA:108,0
DA:109,0
DA:113,1
LF:37
LH:31
BRDA:14,0,0,0
BRDA:14,0,1,1
BRDA:33,1,0,0
BRDA:33,1,1,1
BRDA:57,2,0,2
BRDA:57,2,1,6
BRDA:57,3,0,8
BRDA:57,3,1,7
BRDA:57,3,2,7
BRDA:77,4,0,1
BRDA:77,4,1,17
BRDA:85,5,0,9
BRDA:85,5,1,8
BRF:13
BRH:11
end_of_record
TN:
SF:controllers/reportController.js
FN:13,(anonymous_0)
FN:49,(anonymous_1)
FN:98,(anonymous_2)
FN:116,(anonymous_3)
FN:143,(anonymous_4)
FN:205,(anonymous_5)
FN:210,(anonymous_6)
FN:217,(anonymous_7)
FN:222,(anonymous_8)
FN:285,(anonymous_9)
FN:338,(anonymous_10)
FNF:11
FNH:9
FNDA:4,(anonymous_0)
FNDA:0,(anonymous_1)
FNDA:0,(anonymous_2)
FNDA:4,(anonymous_3)
FNDA:6,(anonymous_4)
FNDA:4,(anonymous_5)
FNDA:4,(anonymous_6)
FNDA:4,(anonymous_7)
FNDA:4,(anonymous_8)
FNDA:6,(anonymous_9)
FNDA:6,(anonymous_10)
DA:1,2
DA:2,2
DA:3,2
DA:4,2
DA:5,2
DA:6,2
DA:13,2
DA:14,4
DA:15,4
DA:18,4
DA:24,4
DA:29,4
DA:30,4
DA:31,4
DA:33,4
DA:39,0
DA:40,0
DA:49,2
DA:50,0
DA:51,0
DA:54,0
DA:55,0
DA:56,0
DA:59,0
DA:98,0
DA:100,0
DA:106,0
DA:107,0
DA:116,2
DA:117,4
DA:118,4
DA:121,4
DA:122,4
DA:125,4
DA:141,4
DA:142,4
DA:143,4
DA:144,6
DA:145,3
DA:146,3
DA:147,3
DA:152,4
DA:196,4
DA:201,4
DA:205,4
DA:210,4
DA:213,4
DA:217,4
DA:222,4
DA:225,4
DA:226,4
DA:231,4
DA:260,4
DA:261,4
DA:262,4
DA:263,0
DA:266,0
DA:270,4
DA:275,0
DA:276,0
DA:285,2
DA:286,6
DA:287,6
DA:290,6
DA:296,1
DA:302,5
DA:308,0
DA:312,5
DA:313,2
DA:319,3
DA:326,3
DA:328,0
DA:329,0
DA:338,2
DA:339,6
DA:340,6
DA:343,6
DA:350,1
DA:356,5
DA:363,0
DA:367,5
DA:368,0
DA:374,5
DA:375,1
DA:381,4
DA:389,4
DA:391,0
DA:392,0
DA:396,2
LF:89
LH:66
BRDA:29,0,0,3
BRDA:29,0,1,1
BRDA:30,1,0,3
BRDA:30,1,1,1
BRDA:144,2,0,3
BRDA:144,2,1,3
BRDA:146,3,0,3
BRDA:146,3,1,0
BRDA:196,4,0,3
BRDA:196,4,1,1
BRDA:226,5,0,3
BRDA:226,5,1,1
BRDA:262,6,0,0
BRDA:262,6,1,4
BRDA:290,7,0,1
BRDA:290,7,1,5
BRDA:291,8,0,6
BRDA:291,8,1,6
BRDA:291,8,2,5
BRDA:291,8,3,5
BRDA:302,9,0,0
BRDA:302,9,1,5
BRDA:303,10,0,5
BRDA:303,10,1,5
BRDA:303,10,2,5
BRDA:303,10,3,5
BRDA:312,11,0,2
BRDA:312,11,1,3
BRDA:312,12,0,5
BRDA:312,12,1,4
BRDA:312,12,2,4
BRDA:343,13,0,1
BRDA:343,13,1,5
BRDA:344,14,0,6
BRDA:344,14,1,6
BRDA:344,14,2,5
BRDA:344,14,3,5
BRDA:344,14,4,5
BRDA:356,15,0,0
BRDA:356,15,1,5
BRDA:357,16,0,5
BRDA:357,16,1,5
BRDA:357,16,2,5
BRDA:357,16,3,5
BRDA:357,16,4,5
BRDA:367,17,0,0
BRDA:367,17,1,5
BRDA:367,18,0,5
BRDA:367,18,1,5
BRDA:367,18,2,5
BRDA:374,19,0,1
BRDA:374,19,1,4
BRDA:374,20,0,5
BRDA:374,20,1,5
BRF:54
BRH:49
end_of_record
TN:
SF:controllers/transactionController.js
FN:8,(anonymous_0)
FN:39,(anonymous_1)
FN:58,(anonymous_2)
FN:95,(anonymous_3)
FNF:4
FNH:4
FNDA:11,(anonymous_0)
FNDA:5,(anonymous_1)
FNDA:3,(anonymous_2)
FNDA:2,(anonymous_3)
DA:1,2
DA:8,2
DA:9,11
DA:10,11
DA:13,11
DA:14,1
DA:18,10
DA:27,10
DA:29,0
DA:30,0
DA:39,2
DA:40,5
DA:42,5
DA:46,5
DA:48,0
DA:49,0
DA:58,2
DA:59,3
DA:60,3
DA:63,3
DA:65,3
DA:66,1
DA:70,2
DA:71,1
DA:75,1
DA:76,1
DA:77,1
DA:78,1
DA:79,1
DA:81,1
DA:83,1
DA:85,0
DA:86,0
DA:95,2
DA:96,2
DA:98,2
DA:100,2
DA:101,0
DA:105,2
DA:106,1
DA:109,1
DA:111,1
DA:113,0
DA:114,0
DA:118,2
LF:45
LH:36
BRDA:13,0,0,1
BRDA:13,0,1,10
BRDA:13,1,0,11
BRDA:13,1,1,10
BRDA:13,1,2,10
BRDA:13,1,3,10
BRDA:65,2,0,1
BRDA:65,2,1,2
BRDA:70,3,0,1
BRDA:70,3,1,1
BRDA:75,4,0,1
BRDA:75,4,1,1
BRDA:76,5,0,1
BRDA:76,5,1,1
BRDA:77,6,0,1
BRDA:77,6,1,0
BRDA:78,7,0,1
BRDA:78,7,1,1
BRDA:79,8,0,1
BRDA:79,8,1,0
BRDA:100,9,0,0
BRDA:100,9,1,2
BRDA:105,10,0,1
BRDA:105,10,1,1
BRF:24
BRH:21
end_of_record
TN:
SF:middleware/adminAuth.js
FN:8,(anonymous_0)
FN:10,(anonymous_1)
FNF:2
FNH:2
FNDA:29,(anonymous_0)
FNDA:29,(anonymous_1)
DA:1,1
DA:2,1
DA:8,1
DA:10,29
DA:11,29
DA:12,0
DA:15,29
DA:17,29
DA:19,29
DA:20,0
DA:24,29
DA:25,6
DA:29,23
DA:31,23
DA:33,0
DA:34,0
DA:39,1
LF:17
LH:13
BRDA:11,0,0,0
BRDA:11,0,1,29
BRDA:19,1,0,0
BRDA:19,1,1,29
BRDA:24,2,0,6
BRDA:24,2,1,23
BRF:6
BRH:4
end_of_record
TN:
SF:middleware/auth.js
FN:3,(anonymous_0)
FNF:1
FNH:1
FNDA:160,(anonymous_0)
DA:1,4
DA:3,4
DA:7,160
DA:8,137
DA:10,137
DA:13,137
DA:16,134
DA:18,134
DA:20,3
DA:21,3
DA:25,157
DA:26,23
DA:30,4
LF:13
LH:13
BRDA:7,0,0,137
BRDA:7,0,1,23
BRDA:7,1,0,160
BRDA:7,1,1,138
BRDA:25,2,0,23
BRDA:25,2,1,134
BRF:6
BRH:6
end_of_record
TN:
SF:routes/admin.routes.js
FNF:0
FNH:0
DA:1,1
DA:2,1
DA:12,1
DA:14,1
DA:21,1
DA:26,1
DA:31,1
DA:36,1
DA:43,1
DA:48,1
DA:53,1
DA:58,1
DA:60,1
LF:13
LH:13
BRF:0
BRH:0
end_of_record
TN:
SF:routes/asset.routes.js
FNF:0
FNH:0
DA:1,2
DA:2,2
DA:8,2
DA:10,2
DA:15,2
DA:20,2
DA:25,2
DA:30,2
DA:32,2
LF:9
LH:9
BRF:0
BRH:0
end_of_record
TN:
SF:routes/auth.routes.js
FNF:0
FNH:0
DA:1,4
DA:2,4
DA:8,4
DA:10,4
DA:15,4
DA:20,4
DA:25,4
DA:30,4
DA:32,4
LF:9
LH:9
BRF:0
BRH:0
end_of_record
TN:
SF:routes/budget.routes.js
FNF:0
FNH:0
DA:1,2
DA:2,2
DA:8,2
DA:10,2
DA:15,2
DA:20,2
DA:25,2
DA:30,2
DA:32,2
LF:9
LH:9
BRF:0
BRH:0
end_of_record
TN:
SF:routes/debt.routes.js
FNF:0
FNH:0
DA:1,2
DA:2,2
DA:8,2
DA:10,2
DA:15,2
DA:20,2
DA:25,2
DA:30,2
DA:32,2
LF:9
LH:9
BRF:0
BRH:0
end_of_record
TN:
SF:routes/quizzes.routes.js
FNF:0
FNH:0
DA:1,1
DA:2,1
DA:6,1
DA:8,1
DA:13,1
DA:18,1
DA:20,1
LF:7
LH:7
BRF:0
BRH:0
end_of_record
TN:
SF:routes/reports.routes.js
FNF:0
FNH:0
DA:1,2
DA:2,2
DA:9,2
DA:11,2
DA:16,2
DA:21,2
DA:26,2
DA:31,2
DA:36,2
DA:38,2
LF:10
LH:10
BRF:0
BRH:0
end_of_record
TN:
SF:routes/transactions.routes.js
FNF:0
FNH:0
DA:1,2
DA:2,2
DA:8,2
DA:10,2
DA:15,2
DA:20,2
DA:25,2
DA:30,2
DA:32,2
LF:9
LH:9
BRF:0
BRH:0
end_of_record
TN:
SF:utils/financialCalculations.js
FN:13,(anonymous_0)
FN:61,(anonymous_1)
FNF:2
FNH:2
FNDA:9,(anonymous_0)
FNDA:8,(anonymous_1)
DA:13,2
DA:14,9
DA:15,9
DA:17,9
DA:18,9
DA:20,9
DA:22,95
DA:24,1140
DA:25,1140
DA:28,1140
DA:32,95
DA:40,9
DA:61,2
DA:62,8
DA:63,8
DA:67,8
DA:69,8
DA:71,8
DA:72,8
DA:73,8
DA:75,8
DA:77,150
DA:78,150
DA:81,150
DA:84,150
DA:85,150
DA:88,150
DA:97,8
DA:113,2
LF:29
LH:29
BRF:0
BRH:0
end_of_record
TN:
SF:utils/geminiAI.js
FN:8,(anonymous_0)
FNF:1
FNH:0
FNDA:0,(anonymous_0)
DA:1,2
DA:8,2
DA:10,0
DA:13,0
DA:16,0
DA:38,0
DA:40,0
DA:41,0
DA:42,0
DA:44,0
DA:46,0
DA:47,0
DA:51,2
LF:13
LH:3
BRDA:28,0,0,0
BRDA:28,0,1,0
BRDA:29,1,0,0
BRDA:29,1,1,0
BRDA:30,2,0,0
BRDA:30,2,1,0
BRDA:31,3,0,0
BRDA:31,3,1,0
BRDA:31,4,0,0
BRDA:31,4,1,0
BRDA:32,5,0,0
BRDA:32,5,1,0
BRDA:33,6,0,0
BRDA:33,6,1,0
BRDA:34,7,0,0
BRDA:34,7,1,0
BRF:16
BRH:0
end_of_record
